  [1m[35m (247.7ms)[0m  [1m[35mCREATE DATABASE "auth_development" ENCODING = 'unicode'[0m
  [1m[35m (84.3ms)[0m  [1m[35mCREATE DATABASE "auth_test" ENCODING = 'unicode'[0m
  [1m[35m (15.6ms)[0m  [1m[35mCREATE TABLE "schema_migrations" ("version" character varying NOT NULL PRIMARY KEY)[0m
  [1m[35m (6.7ms)[0m  [1m[35mCREATE TABLE "ar_internal_metadata" ("key" character varying NOT NULL PRIMARY KEY, "value" character varying, "created_at" timestamp(6) NOT NULL, "updated_at" timestamp(6) NOT NULL)[0m
  [1m[35m (2.7ms)[0m  [1m[34mSELECT pg_try_advisory_lock(439837519115335530)[0m
  [1m[36mActiveRecord::SchemaMigration Pluck (0.5ms)[0m  [1m[34mSELECT "schema_migrations"."version" FROM "schema_migrations" ORDER BY "schema_migrations"."version" ASC[0m
Migrating to DeviseCreateAccounts (20220509071944)
  [1m[36mTRANSACTION (0.1ms)[0m  [1m[35mBEGIN[0m
  [1m[35m (5.7ms)[0m  [1m[35mCREATE TABLE "accounts" ("id" bigserial primary key, "email" character varying DEFAULT '' NOT NULL, "encrypted_password" character varying DEFAULT '' NOT NULL, "public_id" uuid DEFAULT gen_random_uuid() NOT NULL, "full_name" character varying, "position" character varying, "active" boolean DEFAULT TRUE, "reset_password_token" character varying, "reset_password_sent_at" timestamp(6), "remember_created_at" timestamp(6), "created_at" timestamp(6) NOT NULL, "updated_at" timestamp(6) NOT NULL)[0m
  [1m[35m (0.9ms)[0m  [1m[35mCREATE UNIQUE INDEX "index_accounts_on_email" ON "accounts" ("email")[0m
  [1m[35m (0.9ms)[0m  [1m[35mCREATE UNIQUE INDEX "index_accounts_on_reset_password_token" ON "accounts" ("reset_password_token")[0m
  [1m[36mActiveRecord::SchemaMigration Create (2.8ms)[0m  [1m[32mINSERT INTO "schema_migrations" ("version") VALUES ($1) RETURNING "version"[0m  [["version", "20220509071944"]]
  [1m[36mTRANSACTION (0.3ms)[0m  [1m[35mCOMMIT[0m
  [1m[36mActiveRecord::InternalMetadata Load (0.4ms)[0m  [1m[34mSELECT "ar_internal_metadata".* FROM "ar_internal_metadata" WHERE "ar_internal_metadata"."key" = $1 LIMIT $2[0m  [["key", "environment"], ["LIMIT", 1]]
  [1m[36mTRANSACTION (0.4ms)[0m  [1m[35mBEGIN[0m
  [1m[36mActiveRecord::InternalMetadata Create (0.5ms)[0m  [1m[32mINSERT INTO "ar_internal_metadata" ("key", "value", "created_at", "updated_at") VALUES ($1, $2, $3, $4) RETURNING "key"[0m  [["key", "environment"], ["value", "development"], ["created_at", "2022-05-09 07:34:01.538020"], ["updated_at", "2022-05-09 07:34:01.538020"]]
  [1m[36mTRANSACTION (0.4ms)[0m  [1m[35mCOMMIT[0m
  [1m[35m (0.3ms)[0m  [1m[34mSELECT pg_advisory_unlock(439837519115335530)[0m
  [1m[36mActiveRecord::SchemaMigration Pluck (0.9ms)[0m  [1m[34mSELECT "schema_migrations"."version" FROM "schema_migrations" ORDER BY "schema_migrations"."version" ASC[0m
Started GET "/admin/surveys/" for ::1 at 2022-05-09 09:34:12 +0200
  [1m[36mActiveRecord::SchemaMigration Pluck (0.9ms)[0m  [1m[34mSELECT "schema_migrations"."version" FROM "schema_migrations" ORDER BY "schema_migrations"."version" ASC[0m
  
ActionController::RoutingError (No route matches [GET] "/admin/surveys"):
  
Started GET "/" for ::1 at 2022-05-09 09:34:20 +0200
Processing by Rails::WelcomeController#index as HTML
  Rendering /Users/aleksandrkorolev/.rbenv/versions/3.0.0/lib/ruby/gems/3.0.0/gems/railties-7.0.2.4/lib/rails/templates/rails/welcome/index.html.erb
  Rendered /Users/aleksandrkorolev/.rbenv/versions/3.0.0/lib/ruby/gems/3.0.0/gems/railties-7.0.2.4/lib/rails/templates/rails/welcome/index.html.erb (Duration: 1.1ms | Allocations: 379)
Completed 200 OK in 4ms (Views: 2.4ms | ActiveRecord: 0.0ms | Allocations: 1413)


Started GET "/accounts/sign_up" for ::1 at 2022-05-09 09:34:40 +0200
Processing by Devise::RegistrationsController#new as HTML
  Rendering layout layouts/application.html.erb
  Rendering /Users/aleksandrkorolev/.rbenv/versions/3.0.0/lib/ruby/gems/3.0.0/gems/devise-4.8.1/app/views/devise/registrations/new.html.erb within layouts/application
  Rendered /Users/aleksandrkorolev/.rbenv/versions/3.0.0/lib/ruby/gems/3.0.0/gems/devise-4.8.1/app/views/devise/shared/_error_messages.html.erb (Duration: 1.1ms | Allocations: 242)
  Rendered /Users/aleksandrkorolev/.rbenv/versions/3.0.0/lib/ruby/gems/3.0.0/gems/devise-4.8.1/app/views/devise/shared/_links.html.erb (Duration: 1.5ms | Allocations: 668)
  Rendered /Users/aleksandrkorolev/.rbenv/versions/3.0.0/lib/ruby/gems/3.0.0/gems/devise-4.8.1/app/views/devise/registrations/new.html.erb within layouts/application (Duration: 35.5ms | Allocations: 10733)
  Rendered layout layouts/application.html.erb (Duration: 548.7ms | Allocations: 102852)
Completed 200 OK in 570ms (Views: 551.7ms | ActiveRecord: 4.0ms | Allocations: 112713)


Started POST "/accounts" for ::1 at 2022-05-09 09:34:52 +0200
Processing by Devise::RegistrationsController#create as TURBO_STREAM
  Parameters: {"authenticity_token"=>"[FILTERED]", "account"=>{"email"=>"kunash123@gmail.com", "password"=>"[FILTERED]", "password_confirmation"=>"[FILTERED]"}, "commit"=>"Sign up"}
  [1m[36mTRANSACTION (0.2ms)[0m  [1m[35mBEGIN[0m
  [1m[36mAccount Exists? (3.0ms)[0m  [1m[34mSELECT 1 AS one FROM "accounts" WHERE "accounts"."email" = $1 LIMIT $2[0m  [["email", "kunash123@gmail.com"], ["LIMIT", 1]]
  [1m[36mAccount Create (1.8ms)[0m  [1m[32mINSERT INTO "accounts" ("email", "encrypted_password", "full_name", "position", "active", "reset_password_token", "reset_password_sent_at", "remember_created_at", "created_at", "updated_at") VALUES ($1, $2, $3, $4, $5, $6, $7, $8, $9, $10) RETURNING "id"[0m  [["email", "kunash123@gmail.com"], ["encrypted_password", "[FILTERED]"], ["full_name", nil], ["position", nil], ["active", true], ["reset_password_token", "[FILTERED]"], ["reset_password_sent_at", "[FILTERED]"], ["remember_created_at", nil], ["created_at", "2022-05-09 07:34:53.277101"], ["updated_at", "2022-05-09 07:34:53.277101"]]
  [1m[36mTRANSACTION (4.2ms)[0m  [1m[35mCOMMIT[0m
Redirected to 
Completed 500 Internal Server Error in 390ms (ActiveRecord: 9.1ms | Allocations: 13241)


  
NoMethodError (undefined method `account_url' for #<Devise::RegistrationsController:0x0000000000a528>
Did you mean?  account_session_url):
  
actionpack (7.0.2.4) lib/action_dispatch/routing/polymorphic_routes.rb:231:in `public_send'
actionpack (7.0.2.4) lib/action_dispatch/routing/polymorphic_routes.rb:231:in `polymorphic_method'
actionpack (7.0.2.4) lib/action_dispatch/routing/polymorphic_routes.rb:116:in `polymorphic_url'
actionpack (7.0.2.4) lib/action_dispatch/routing/url_for.rb:187:in `full_url_for'
actionpack (7.0.2.4) lib/action_dispatch/routing/url_for.rb:170:in `url_for'
actionpack (7.0.2.4) lib/action_controller/metal/redirecting.rb:144:in `_compute_redirect_to_location'
actionpack (7.0.2.4) lib/action_controller/metal/redirecting.rb:89:in `redirect_to'
actionpack (7.0.2.4) lib/action_controller/metal/flash.rb:62:in `redirect_to'
actionpack (7.0.2.4) lib/action_controller/metal/instrumentation.rb:42:in `block in redirect_to'
activesupport (7.0.2.4) lib/active_support/notifications.rb:206:in `block in instrument'
activesupport (7.0.2.4) lib/active_support/notifications/instrumenter.rb:24:in `instrument'
activesupport (7.0.2.4) lib/active_support/notifications.rb:206:in `instrument'
actionpack (7.0.2.4) lib/action_controller/metal/instrumentation.rb:41:in `redirect_to'
responders (3.0.1) lib/action_controller/responder.rb:147:in `redirect_to'
responders (3.0.1) lib/action_controller/responder.rb:207:in `navigation_behavior'
responders (3.0.1) lib/action_controller/responder.rb:174:in `rescue in to_html'
responders (3.0.1) lib/action_controller/responder.rb:171:in `to_html'
responders (3.0.1) lib/action_controller/responder.rb:165:in `respond'
responders (3.0.1) lib/action_controller/responder.rb:158:in `call'
responders (3.0.1) lib/action_controller/respond_with.rb:213:in `respond_with'
devise (4.8.1) app/controllers/devise/registrations_controller.rb:25:in `create'
actionpack (7.0.2.4) lib/action_controller/metal/basic_implicit_render.rb:6:in `send_action'
actionpack (7.0.2.4) lib/abstract_controller/base.rb:214:in `process_action'
actionpack (7.0.2.4) lib/action_controller/metal/rendering.rb:53:in `process_action'
actionpack (7.0.2.4) lib/abstract_controller/callbacks.rb:234:in `block in process_action'
activesupport (7.0.2.4) lib/active_support/callbacks.rb:107:in `run_callbacks'
actionpack (7.0.2.4) lib/abstract_controller/callbacks.rb:233:in `process_action'
actionpack (7.0.2.4) lib/action_controller/metal/rescue.rb:22:in `process_action'
actionpack (7.0.2.4) lib/action_controller/metal/instrumentation.rb:67:in `block in process_action'
activesupport (7.0.2.4) lib/active_support/notifications.rb:206:in `block in instrument'
activesupport (7.0.2.4) lib/active_support/notifications/instrumenter.rb:24:in `instrument'
activesupport (7.0.2.4) lib/active_support/notifications.rb:206:in `instrument'
actionpack (7.0.2.4) lib/action_controller/metal/instrumentation.rb:66:in `process_action'
actionpack (7.0.2.4) lib/action_controller/metal/params_wrapper.rb:259:in `process_action'
activerecord (7.0.2.4) lib/active_record/railties/controller_runtime.rb:27:in `process_action'
actionpack (7.0.2.4) lib/abstract_controller/base.rb:151:in `process'
actionview (7.0.2.4) lib/action_view/rendering.rb:39:in `process'
actionpack (7.0.2.4) lib/action_controller/metal.rb:188:in `dispatch'
actionpack (7.0.2.4) lib/action_controller/metal.rb:251:in `dispatch'
actionpack (7.0.2.4) lib/action_dispatch/routing/route_set.rb:49:in `dispatch'
actionpack (7.0.2.4) lib/action_dispatch/routing/route_set.rb:32:in `serve'
actionpack (7.0.2.4) lib/action_dispatch/routing/mapper.rb:18:in `block in <class:Constraints>'
actionpack (7.0.2.4) lib/action_dispatch/routing/mapper.rb:48:in `serve'
actionpack (7.0.2.4) lib/action_dispatch/journey/router.rb:50:in `block in serve'
actionpack (7.0.2.4) lib/action_dispatch/journey/router.rb:32:in `each'
actionpack (7.0.2.4) lib/action_dispatch/journey/router.rb:32:in `serve'
actionpack (7.0.2.4) lib/action_dispatch/routing/route_set.rb:850:in `call'
warden (1.2.9) lib/warden/manager.rb:36:in `block in call'
warden (1.2.9) lib/warden/manager.rb:34:in `catch'
warden (1.2.9) lib/warden/manager.rb:34:in `call'
rack (2.2.3) lib/rack/tempfile_reaper.rb:15:in `call'
rack (2.2.3) lib/rack/etag.rb:27:in `call'
rack (2.2.3) lib/rack/conditional_get.rb:40:in `call'
rack (2.2.3) lib/rack/head.rb:12:in `call'
actionpack (7.0.2.4) lib/action_dispatch/http/permissions_policy.rb:22:in `call'
actionpack (7.0.2.4) lib/action_dispatch/http/content_security_policy.rb:18:in `call'
rack (2.2.3) lib/rack/session/abstract/id.rb:266:in `context'
rack (2.2.3) lib/rack/session/abstract/id.rb:260:in `call'
actionpack (7.0.2.4) lib/action_dispatch/middleware/cookies.rb:693:in `call'
activerecord (7.0.2.4) lib/active_record/migration.rb:603:in `call'
actionpack (7.0.2.4) lib/action_dispatch/middleware/callbacks.rb:27:in `block in call'
activesupport (7.0.2.4) lib/active_support/callbacks.rb:99:in `run_callbacks'
actionpack (7.0.2.4) lib/action_dispatch/middleware/callbacks.rb:26:in `call'
actionpack (7.0.2.4) lib/action_dispatch/middleware/executor.rb:14:in `call'
actionpack (7.0.2.4) lib/action_dispatch/middleware/actionable_exceptions.rb:17:in `call'
actionpack (7.0.2.4) lib/action_dispatch/middleware/debug_exceptions.rb:28:in `call'
web-console (4.2.0) lib/web_console/middleware.rb:132:in `call_app'
web-console (4.2.0) lib/web_console/middleware.rb:28:in `block in call'
web-console (4.2.0) lib/web_console/middleware.rb:17:in `catch'
web-console (4.2.0) lib/web_console/middleware.rb:17:in `call'
actionpack (7.0.2.4) lib/action_dispatch/middleware/show_exceptions.rb:26:in `call'
railties (7.0.2.4) lib/rails/rack/logger.rb:36:in `call_app'
railties (7.0.2.4) lib/rails/rack/logger.rb:25:in `block in call'
activesupport (7.0.2.4) lib/active_support/tagged_logging.rb:99:in `block in tagged'
activesupport (7.0.2.4) lib/active_support/tagged_logging.rb:37:in `tagged'
activesupport (7.0.2.4) lib/active_support/tagged_logging.rb:99:in `tagged'
railties (7.0.2.4) lib/rails/rack/logger.rb:25:in `call'
sprockets-rails (3.4.2) lib/sprockets/rails/quiet_assets.rb:13:in `call'
actionpack (7.0.2.4) lib/action_dispatch/middleware/remote_ip.rb:93:in `call'
actionpack (7.0.2.4) lib/action_dispatch/middleware/request_id.rb:26:in `call'
rack (2.2.3) lib/rack/method_override.rb:24:in `call'
rack (2.2.3) lib/rack/runtime.rb:22:in `call'
activesupport (7.0.2.4) lib/active_support/cache/strategy/local_cache_middleware.rb:29:in `call'
actionpack (7.0.2.4) lib/action_dispatch/middleware/server_timing.rb:20:in `call'
actionpack (7.0.2.4) lib/action_dispatch/middleware/executor.rb:14:in `call'
actionpack (7.0.2.4) lib/action_dispatch/middleware/static.rb:23:in `call'
rack (2.2.3) lib/rack/sendfile.rb:110:in `call'
actionpack (7.0.2.4) lib/action_dispatch/middleware/host_authorization.rb:137:in `call'
railties (7.0.2.4) lib/rails/engine.rb:530:in `call'
puma (5.6.4) lib/puma/configuration.rb:252:in `call'
puma (5.6.4) lib/puma/request.rb:77:in `block in handle_request'
puma (5.6.4) lib/puma/thread_pool.rb:340:in `with_force_shutdown'
puma (5.6.4) lib/puma/request.rb:76:in `handle_request'
puma (5.6.4) lib/puma/server.rb:441:in `process_client'
puma (5.6.4) lib/puma/thread_pool.rb:147:in `block in spawn_thread'
Started GET "/accounts/sign_up" for ::1 at 2022-05-09 09:45:07 +0200
  [1m[36mActiveRecord::SchemaMigration Pluck (0.5ms)[0m  [1m[34mSELECT "schema_migrations"."version" FROM "schema_migrations" ORDER BY "schema_migrations"."version" ASC[0m
Processing by Devise::RegistrationsController#new as HTML
  Rendering layout layouts/application.html.erb
  Rendering /Users/aleksandrkorolev/.rbenv/versions/3.0.0/lib/ruby/gems/3.0.0/gems/devise-4.8.1/app/views/devise/registrations/new.html.erb within layouts/application
  Rendered /Users/aleksandrkorolev/.rbenv/versions/3.0.0/lib/ruby/gems/3.0.0/gems/devise-4.8.1/app/views/devise/shared/_error_messages.html.erb (Duration: 0.7ms | Allocations: 249)
  Rendered /Users/aleksandrkorolev/.rbenv/versions/3.0.0/lib/ruby/gems/3.0.0/gems/devise-4.8.1/app/views/devise/shared/_links.html.erb (Duration: 1.1ms | Allocations: 673)
  Rendered /Users/aleksandrkorolev/.rbenv/versions/3.0.0/lib/ruby/gems/3.0.0/gems/devise-4.8.1/app/views/devise/registrations/new.html.erb within layouts/application (Duration: 17.6ms | Allocations: 8541)
  Rendered layout layouts/application.html.erb (Duration: 60.0ms | Allocations: 44778)
Completed 200 OK in 84ms (Views: 67.0ms | ActiveRecord: 3.8ms | Allocations: 56671)


Started POST "/accounts" for ::1 at 2022-05-09 09:45:20 +0200
Processing by Devise::RegistrationsController#create as TURBO_STREAM
  Parameters: {"authenticity_token"=>"[FILTERED]", "account"=>{"email"=>"kunash123@gmail.com", "password"=>"[FILTERED]", "password_confirmation"=>"[FILTERED]"}, "commit"=>"Sign up"}
  [1m[36mTRANSACTION (0.2ms)[0m  [1m[35mBEGIN[0m
  [1m[36mAccount Exists? (0.7ms)[0m  [1m[34mSELECT 1 AS one FROM "accounts" WHERE "accounts"."email" = $1 LIMIT $2[0m  [["email", "kunash123@gmail.com"], ["LIMIT", 1]]
  [1m[36mTRANSACTION (0.1ms)[0m  [1m[31mROLLBACK[0m
  Rendering layout layouts/application.html.erb
  Rendering /Users/aleksandrkorolev/.rbenv/versions/3.0.0/lib/ruby/gems/3.0.0/gems/devise-4.8.1/app/views/devise/registrations/new.html.erb within layouts/application
  Rendered /Users/aleksandrkorolev/.rbenv/versions/3.0.0/lib/ruby/gems/3.0.0/gems/devise-4.8.1/app/views/devise/shared/_error_messages.html.erb (Duration: 1.1ms | Allocations: 570)
  Rendered /Users/aleksandrkorolev/.rbenv/versions/3.0.0/lib/ruby/gems/3.0.0/gems/devise-4.8.1/app/views/devise/shared/_links.html.erb (Duration: 0.1ms | Allocations: 99)
  Rendered /Users/aleksandrkorolev/.rbenv/versions/3.0.0/lib/ruby/gems/3.0.0/gems/devise-4.8.1/app/views/devise/registrations/new.html.erb within layouts/application (Duration: 3.3ms | Allocations: 2450)
  Rendered layout layouts/application.html.erb (Duration: 5.9ms | Allocations: 4891)
Completed 200 OK in 220ms (Views: 6.4ms | ActiveRecord: 0.9ms | Allocations: 13963)


Started GET "/accounts/sign_in" for ::1 at 2022-05-09 09:45:33 +0200
Processing by Devise::SessionsController#new as HTML
  Rendering layout layouts/application.html.erb
  Rendering /Users/aleksandrkorolev/.rbenv/versions/3.0.0/lib/ruby/gems/3.0.0/gems/devise-4.8.1/app/views/devise/sessions/new.html.erb within layouts/application
  Rendered /Users/aleksandrkorolev/.rbenv/versions/3.0.0/lib/ruby/gems/3.0.0/gems/devise-4.8.1/app/views/devise/shared/_links.html.erb (Duration: 5.2ms | Allocations: 406)
  Rendered /Users/aleksandrkorolev/.rbenv/versions/3.0.0/lib/ruby/gems/3.0.0/gems/devise-4.8.1/app/views/devise/sessions/new.html.erb within layouts/application (Duration: 20.1ms | Allocations: 2629)
  Rendered layout layouts/application.html.erb (Duration: 24.2ms | Allocations: 5088)
Completed 200 OK in 31ms (Views: 28.1ms | ActiveRecord: 0.0ms | Allocations: 6844)


Started POST "/accounts/sign_in" for ::1 at 2022-05-09 09:45:42 +0200
Processing by Devise::SessionsController#create as TURBO_STREAM
  Parameters: {"authenticity_token"=>"[FILTERED]", "account"=>{"email"=>"kunash123@gmail.com", "password"=>"[FILTERED]", "remember_me"=>"0"}, "commit"=>"Log in"}
  [1m[36mAccount Load (4.0ms)[0m  [1m[34mSELECT "accounts".* FROM "accounts" WHERE "accounts"."email" = $1 ORDER BY "accounts"."id" ASC LIMIT $2[0m  [["email", "kunash123@gmail.com"], ["LIMIT", 1]]
Redirected to http://localhost:3000/
Completed 302 Found in 231ms (ActiveRecord: 4.2ms | Allocations: 3534)


Started GET "/" for ::1 at 2022-05-09 09:45:43 +0200
Processing by AccountsController#index as TURBO_STREAM
  Rendering layout layouts/application.html.erb
  Rendering accounts/index.html.erb within layouts/application
  Rendered accounts/index.html.erb within layouts/application (Duration: 0.7ms | Allocations: 123)
  Rendered layout layouts/application.html.erb (Duration: 3.7ms | Allocations: 3154)
Completed 200 OK in 5ms (Views: 4.8ms | ActiveRecord: 0.0ms | Allocations: 4111)


Started GET "/" for ::1 at 2022-05-09 09:47:41 +0200
Processing by AccountsController#index as HTML
  [1m[36mAccount Load (0.2ms)[0m  [1m[34mSELECT "accounts".* FROM "accounts" WHERE "accounts"."id" = $1 ORDER BY "accounts"."id" ASC LIMIT $2[0m  [["id", 1], ["LIMIT", 1]]
  Rendering layout layouts/application.html.erb
  Rendering accounts/index.html.erb within layouts/application
  [1m[36mAccount Load (0.2ms)[0m  [1m[34mSELECT "accounts".* FROM "accounts"[0m
  ↳ app/views/accounts/index.html.erb:20
  Rendered accounts/index.html.erb within layouts/application (Duration: 1.9ms | Allocations: 1198)
  Rendered layout layouts/application.html.erb (Duration: 15.9ms | Allocations: 16223)
Completed 200 OK in 30ms (Views: 17.1ms | ActiveRecord: 3.1ms | Allocations: 25225)


Started GET "/" for ::1 at 2022-05-09 09:50:35 +0200
Processing by AccountsController#index as HTML
  [1m[36mAccount Load (0.3ms)[0m  [1m[34mSELECT "accounts".* FROM "accounts" WHERE "accounts"."id" = $1 ORDER BY "accounts"."id" ASC LIMIT $2[0m  [["id", 1], ["LIMIT", 1]]
  Rendering layout layouts/application.html.erb
  Rendering accounts/index.html.erb within layouts/application
  [1m[36mAccount Load (0.3ms)[0m  [1m[34mSELECT "accounts".* FROM "accounts"[0m
  ↳ app/views/accounts/index.html.erb:20
  Rendered accounts/index.html.erb within layouts/application (Duration: 2.4ms | Allocations: 1125)
  Rendered layout layouts/application.html.erb (Duration: 6.4ms | Allocations: 3826)
Completed 200 OK in 12ms (Views: 7.8ms | ActiveRecord: 0.5ms | Allocations: 6399)


Started GET "/" for ::1 at 2022-05-09 09:51:23 +0200
Processing by AccountsController#index as HTML
  [1m[36mAccount Load (0.3ms)[0m  [1m[34mSELECT "accounts".* FROM "accounts" WHERE "accounts"."id" = $1 ORDER BY "accounts"."id" ASC LIMIT $2[0m  [["id", 1], ["LIMIT", 1]]
  Rendering layout layouts/application.html.erb
  Rendering accounts/index.html.erb within layouts/application
  [1m[36mAccount Load (0.2ms)[0m  [1m[34mSELECT "accounts".* FROM "accounts"[0m
  ↳ app/views/accounts/index.html.erb:20
  Rendered accounts/index.html.erb within layouts/application (Duration: 1.6ms | Allocations: 738)
  Rendered layout layouts/application.html.erb (Duration: 5.7ms | Allocations: 3153)
Completed 200 OK in 9ms (Views: 6.2ms | ActiveRecord: 0.4ms | Allocations: 4992)


Started GET "/accounts/1/edit" for ::1 at 2022-05-09 09:51:25 +0200
Processing by AccountsController#edit as HTML
  Parameters: {"id"=>"1"}
  [1m[36mAccount Load (0.5ms)[0m  [1m[34mSELECT "accounts".* FROM "accounts" WHERE "accounts"."id" = $1 LIMIT $2[0m  [["id", 1], ["LIMIT", 1]]
  ↳ app/controllers/accounts_controller.rb:93:in `set_account'
  Rendering layout layouts/application.html.erb
  Rendering accounts/edit.html.erb within layouts/application
  Rendered accounts/_form.html.erb (Duration: 22.2ms | Allocations: 6693)
  Rendered accounts/edit.html.erb within layouts/application (Duration: 24.0ms | Allocations: 7055)
  Rendered layout layouts/application.html.erb (Duration: 28.4ms | Allocations: 9449)
Completed 200 OK in 65ms (Views: 29.3ms | ActiveRecord: 0.5ms | Allocations: 10900)


Started PATCH "/accounts/1" for ::1 at 2022-05-09 09:51:32 +0200
Processing by AccountsController#update as TURBO_STREAM
  Parameters: {"authenticity_token"=>"[FILTERED]", "account"=>{"full_name"=>"ME", "role"=>"admin"}, "commit"=>"Update Account", "id"=>"1"}
  [1m[36mAccount Load (2.2ms)[0m  [1m[34mSELECT "accounts".* FROM "accounts" WHERE "accounts"."id" = $1 LIMIT $2[0m  [["id", 1], ["LIMIT", 1]]
  ↳ app/controllers/accounts_controller.rb:93:in `set_account'
  [1m[36mTRANSACTION (0.9ms)[0m  [1m[35mBEGIN[0m
  ↳ app/controllers/accounts_controller.rb:29:in `block in update'
  [1m[36mAccount Update (4.7ms)[0m  [1m[33mUPDATE "accounts" SET "full_name" = $1, "updated_at" = $2 WHERE "accounts"."id" = $3[0m  [["full_name", "ME"], ["updated_at", "2022-05-09 07:51:32.243168"], ["id", 1]]
  ↳ app/controllers/accounts_controller.rb:29:in `block in update'
  [1m[36mTRANSACTION (4.0ms)[0m  [1m[35mCOMMIT[0m
  ↳ app/controllers/accounts_controller.rb:29:in `block in update'
Completed 500 Internal Server Error in 25ms (ActiveRecord: 11.8ms | Allocations: 6255)


  
NameError (uninitialized constant AccountsController::Producer
Did you mean?  Process):
  
app/controllers/accounts_controller.rb:40:in `block in update'
app/controllers/accounts_controller.rb:26:in `update'
Started GET "/accounts/1/edit" for ::1 at 2022-05-09 09:52:53 +0200
Processing by AccountsController#edit as HTML
  Parameters: {"id"=>"1"}
  [1m[36mAccount Load (0.2ms)[0m  [1m[34mSELECT "accounts".* FROM "accounts" WHERE "accounts"."id" = $1 LIMIT $2[0m  [["id", 1], ["LIMIT", 1]]
  ↳ app/controllers/accounts_controller.rb:93:in `set_account'
  Rendering layout layouts/application.html.erb
  Rendering accounts/edit.html.erb within layouts/application
  Rendered accounts/_form.html.erb (Duration: 1.5ms | Allocations: 1253)
  Rendered accounts/edit.html.erb within layouts/application (Duration: 1.8ms | Allocations: 1388)
  Rendered layout layouts/application.html.erb (Duration: 9.1ms | Allocations: 3802)
Completed 200 OK in 12ms (Views: 9.6ms | ActiveRecord: 0.2ms | Allocations: 4609)


Started PATCH "/accounts/1" for ::1 at 2022-05-09 09:52:55 +0200
Processing by AccountsController#update as TURBO_STREAM
  Parameters: {"authenticity_token"=>"[FILTERED]", "account"=>{"full_name"=>"ME", "role"=>"admin"}, "commit"=>"Update Account", "id"=>"1"}
  [1m[36mAccount Load (0.2ms)[0m  [1m[34mSELECT "accounts".* FROM "accounts" WHERE "accounts"."id" = $1 LIMIT $2[0m  [["id", 1], ["LIMIT", 1]]
  ↳ app/controllers/accounts_controller.rb:93:in `set_account'
  [1m[36mTRANSACTION (0.1ms)[0m  [1m[35mBEGIN[0m
  ↳ app/controllers/accounts_controller.rb:29:in `block in update'
  [1m[36mAccount Update (5.7ms)[0m  [1m[33mUPDATE "accounts" SET "updated_at" = $1 WHERE "accounts"."id" = $2[0m  [["updated_at", "2022-05-09 07:52:55.260294"], ["id", 1]]
  ↳ app/controllers/accounts_controller.rb:29:in `block in update'
  [1m[36mTRANSACTION (0.2ms)[0m  [1m[35mCOMMIT[0m
  ↳ app/controllers/accounts_controller.rb:29:in `block in update'
Completed 500 Internal Server Error in 14ms (ActiveRecord: 6.3ms | Allocations: 5169)


  
NameError (uninitialized constant AccountsController::Producer
Did you mean?  Process):
  
app/controllers/accounts_controller.rb:40:in `block in update'
app/controllers/accounts_controller.rb:26:in `update'
Started GET "/accounts/1/edit" for ::1 at 2022-05-09 09:53:11 +0200
  [1m[36mActiveRecord::SchemaMigration Pluck (0.5ms)[0m  [1m[34mSELECT "schema_migrations"."version" FROM "schema_migrations" ORDER BY "schema_migrations"."version" ASC[0m
Processing by AccountsController#edit as HTML
  Parameters: {"id"=>"1"}
  [1m[36mAccount Load (0.5ms)[0m  [1m[34mSELECT "accounts".* FROM "accounts" WHERE "accounts"."id" = $1 LIMIT $2[0m  [["id", 1], ["LIMIT", 1]]
  ↳ app/controllers/accounts_controller.rb:93:in `set_account'
  Rendering layout layouts/application.html.erb
  Rendering accounts/edit.html.erb within layouts/application
  Rendered accounts/_form.html.erb (Duration: 13.4ms | Allocations: 6138)
  Rendered accounts/edit.html.erb within layouts/application (Duration: 14.8ms | Allocations: 6788)
  Rendered layout layouts/application.html.erb (Duration: 59.9ms | Allocations: 43051)
Completed 200 OK in 80ms (Views: 62.8ms | ActiveRecord: 3.5ms | Allocations: 56407)


Started PATCH "/accounts/1" for ::1 at 2022-05-09 09:53:12 +0200
Processing by AccountsController#update as TURBO_STREAM
  Parameters: {"authenticity_token"=>"[FILTERED]", "account"=>{"full_name"=>"ME", "role"=>"admin"}, "commit"=>"Update Account", "id"=>"1"}
  [1m[36mAccount Load (0.3ms)[0m  [1m[34mSELECT "accounts".* FROM "accounts" WHERE "accounts"."id" = $1 LIMIT $2[0m  [["id", 1], ["LIMIT", 1]]
  ↳ app/controllers/accounts_controller.rb:93:in `set_account'
  [1m[36mTRANSACTION (0.1ms)[0m  [1m[35mBEGIN[0m
  ↳ app/controllers/accounts_controller.rb:29:in `block in update'
  [1m[36mAccount Update (0.4ms)[0m  [1m[33mUPDATE "accounts" SET "updated_at" = $1 WHERE "accounts"."id" = $2[0m  [["updated_at", "2022-05-09 07:53:12.902857"], ["id", 1]]
  ↳ app/controllers/accounts_controller.rb:29:in `block in update'
  [1m[36mTRANSACTION (0.4ms)[0m  [1m[35mCOMMIT[0m
  ↳ app/controllers/accounts_controller.rb:29:in `block in update'
Completed 500 Internal Server Error in 8ms (ActiveRecord: 1.1ms | Allocations: 5462)


  
NoMethodError (undefined method `call' for Producer:Class):
  
app/controllers/accounts_controller.rb:40:in `block in update'
app/controllers/accounts_controller.rb:26:in `update'
Started GET "/accounts/1/edit" for ::1 at 2022-05-09 09:55:19 +0200
  [1m[36mActiveRecord::SchemaMigration Pluck (0.5ms)[0m  [1m[34mSELECT "schema_migrations"."version" FROM "schema_migrations" ORDER BY "schema_migrations"."version" ASC[0m
Processing by AccountsController#edit as HTML
  Parameters: {"id"=>"1"}
  [1m[36mAccount Load (0.5ms)[0m  [1m[34mSELECT "accounts".* FROM "accounts" WHERE "accounts"."id" = $1 LIMIT $2[0m  [["id", 1], ["LIMIT", 1]]
  ↳ app/controllers/accounts_controller.rb:93:in `set_account'
  Rendering layout layouts/application.html.erb
  Rendering accounts/edit.html.erb within layouts/application
  Rendered accounts/_form.html.erb (Duration: 9.3ms | Allocations: 6128)
  Rendered accounts/edit.html.erb within layouts/application (Duration: 10.5ms | Allocations: 6778)
  Rendered layout layouts/application.html.erb (Duration: 65.3ms | Allocations: 42835)
Completed 200 OK in 84ms (Views: 67.7ms | ActiveRecord: 3.9ms | Allocations: 56191)


Started PATCH "/accounts/1" for ::1 at 2022-05-09 09:55:24 +0200
Processing by AccountsController#update as TURBO_STREAM
  Parameters: {"authenticity_token"=>"[FILTERED]", "account"=>{"full_name"=>"ME", "role"=>"admin"}, "commit"=>"Update Account", "id"=>"1"}
  [1m[36mAccount Load (0.3ms)[0m  [1m[34mSELECT "accounts".* FROM "accounts" WHERE "accounts"."id" = $1 LIMIT $2[0m  [["id", 1], ["LIMIT", 1]]
  ↳ app/controllers/accounts_controller.rb:93:in `set_account'
  [1m[36mTRANSACTION (0.1ms)[0m  [1m[35mBEGIN[0m
  ↳ app/controllers/accounts_controller.rb:29:in `block in update'
  [1m[36mAccount Update (0.4ms)[0m  [1m[33mUPDATE "accounts" SET "updated_at" = $1 WHERE "accounts"."id" = $2[0m  [["updated_at", "2022-05-09 07:55:24.481319"], ["id", 1]]
  ↳ app/controllers/accounts_controller.rb:29:in `block in update'
  [1m[36mTRANSACTION (0.7ms)[0m  [1m[35mCOMMIT[0m
  ↳ app/controllers/accounts_controller.rb:29:in `block in update'
Completed 500 Internal Server Error in 9ms (ActiveRecord: 1.5ms | Allocations: 5489)


  
NoMethodError (undefined method `call' for Producer:Class):
  
app/controllers/accounts_controller.rb:40:in `block in update'
app/controllers/accounts_controller.rb:26:in `update'
Started PUT "/__web_console/repl_sessions/c02f1df8685f5133f0a09b6c8889ac6a" for ::1 at 2022-05-09 09:55:32 +0200
Started PUT "/__web_console/repl_sessions/c02f1df8685f5133f0a09b6c8889ac6a" for ::1 at 2022-05-09 09:55:37 +0200
Started PUT "/__web_console/repl_sessions/c02f1df8685f5133f0a09b6c8889ac6a" for ::1 at 2022-05-09 09:55:43 +0200
Started PUT "/__web_console/repl_sessions/c02f1df8685f5133f0a09b6c8889ac6a" for ::1 at 2022-05-09 09:55:47 +0200
Started PUT "/__web_console/repl_sessions/c02f1df8685f5133f0a09b6c8889ac6a" for ::1 at 2022-05-09 09:55:59 +0200
Started PUT "/__web_console/repl_sessions/c02f1df8685f5133f0a09b6c8889ac6a" for ::1 at 2022-05-09 09:56:01 +0200
Started PUT "/__web_console/repl_sessions/c02f1df8685f5133f0a09b6c8889ac6a" for ::1 at 2022-05-09 09:56:04 +0200
Started GET "/accounts/1/edit" for ::1 at 2022-05-09 09:58:52 +0200
Processing by AccountsController#edit as HTML
  Parameters: {"id"=>"1"}
  [1m[36mAccount Load (0.2ms)[0m  [1m[34mSELECT "accounts".* FROM "accounts" WHERE "accounts"."id" = $1 LIMIT $2[0m  [["id", 1], ["LIMIT", 1]]
  ↳ app/controllers/accounts_controller.rb:93:in `set_account'
  Rendering layout layouts/application.html.erb
  Rendering accounts/edit.html.erb within layouts/application
  Rendered accounts/_form.html.erb (Duration: 1.7ms | Allocations: 1257)
  Rendered accounts/edit.html.erb within layouts/application (Duration: 2.0ms | Allocations: 1392)
  Rendered layout layouts/application.html.erb (Duration: 5.1ms | Allocations: 3806)
Completed 200 OK in 8ms (Views: 5.6ms | ActiveRecord: 0.2ms | Allocations: 4612)


Started PATCH "/accounts/1" for ::1 at 2022-05-09 09:58:54 +0200
Processing by AccountsController#update as TURBO_STREAM
  Parameters: {"authenticity_token"=>"[FILTERED]", "account"=>{"full_name"=>"ME", "role"=>"admin"}, "commit"=>"Update Account", "id"=>"1"}
  [1m[36mAccount Load (0.3ms)[0m  [1m[34mSELECT "accounts".* FROM "accounts" WHERE "accounts"."id" = $1 LIMIT $2[0m  [["id", 1], ["LIMIT", 1]]
  ↳ app/controllers/accounts_controller.rb:93:in `set_account'
  [1m[36mTRANSACTION (0.1ms)[0m  [1m[35mBEGIN[0m
  ↳ app/controllers/accounts_controller.rb:29:in `block in update'
  [1m[36mAccount Update (0.3ms)[0m  [1m[33mUPDATE "accounts" SET "updated_at" = $1 WHERE "accounts"."id" = $2[0m  [["updated_at", "2022-05-09 07:58:54.229207"], ["id", 1]]
  ↳ app/controllers/accounts_controller.rb:29:in `block in update'
  [1m[36mTRANSACTION (0.3ms)[0m  [1m[35mCOMMIT[0m
  ↳ app/controllers/accounts_controller.rb:29:in `block in update'
Completed 500 Internal Server Error in 8ms (ActiveRecord: 1.0ms | Allocations: 4206)


  
NoMethodError (undefined method `call' for Producer:Class):
  
app/controllers/accounts_controller.rb:40:in `block in update'
app/controllers/accounts_controller.rb:26:in `update'
Started GET "/accounts/1/edit" for ::1 at 2022-05-09 09:59:05 +0200
  [1m[36mActiveRecord::SchemaMigration Pluck (0.6ms)[0m  [1m[34mSELECT "schema_migrations"."version" FROM "schema_migrations" ORDER BY "schema_migrations"."version" ASC[0m
Processing by AccountsController#edit as HTML
  Parameters: {"id"=>"1"}
  [1m[36mAccount Load (0.4ms)[0m  [1m[34mSELECT "accounts".* FROM "accounts" WHERE "accounts"."id" = $1 LIMIT $2[0m  [["id", 1], ["LIMIT", 1]]
  ↳ app/controllers/accounts_controller.rb:93:in `set_account'
  Rendering layout layouts/application.html.erb
  Rendering accounts/edit.html.erb within layouts/application
  Rendered accounts/_form.html.erb (Duration: 8.8ms | Allocations: 6139)
  Rendered accounts/edit.html.erb within layouts/application (Duration: 9.9ms | Allocations: 6789)
  Rendered layout layouts/application.html.erb (Duration: 65.9ms | Allocations: 43119)
Completed 200 OK in 84ms (Views: 68.1ms | ActiveRecord: 3.7ms | Allocations: 56479)


Started PATCH "/accounts/1" for ::1 at 2022-05-09 09:59:07 +0200
Processing by AccountsController#update as TURBO_STREAM
  Parameters: {"authenticity_token"=>"[FILTERED]", "account"=>{"full_name"=>"ME", "role"=>"admin"}, "commit"=>"Update Account", "id"=>"1"}
  [1m[36mAccount Load (0.3ms)[0m  [1m[34mSELECT "accounts".* FROM "accounts" WHERE "accounts"."id" = $1 LIMIT $2[0m  [["id", 1], ["LIMIT", 1]]
  ↳ app/controllers/accounts_controller.rb:93:in `set_account'
  [1m[36mTRANSACTION (0.1ms)[0m  [1m[35mBEGIN[0m
  ↳ app/controllers/accounts_controller.rb:29:in `block in update'
  [1m[36mAccount Update (0.4ms)[0m  [1m[33mUPDATE "accounts" SET "updated_at" = $1 WHERE "accounts"."id" = $2[0m  [["updated_at", "2022-05-09 07:59:07.215773"], ["id", 1]]
  ↳ app/controllers/accounts_controller.rb:29:in `block in update'
  [1m[36mTRANSACTION (0.6ms)[0m  [1m[35mCOMMIT[0m
  ↳ app/controllers/accounts_controller.rb:29:in `block in update'
Completed 500 Internal Server Error in 8ms (ActiveRecord: 1.4ms | Allocations: 4705)


  
ArgumentError (wrong number of arguments (given 2, expected 1)):
  
config/initializers/producer.rb:2:in `call'
app/controllers/accounts_controller.rb:40:in `block in update'
app/controllers/accounts_controller.rb:26:in `update'
Started GET "/accounts/1/edit" for ::1 at 2022-05-09 09:59:25 +0200
  [1m[36mActiveRecord::SchemaMigration Pluck (0.7ms)[0m  [1m[34mSELECT "schema_migrations"."version" FROM "schema_migrations" ORDER BY "schema_migrations"."version" ASC[0m
Processing by AccountsController#edit as HTML
  Parameters: {"id"=>"1"}
  [1m[36mAccount Load (0.4ms)[0m  [1m[34mSELECT "accounts".* FROM "accounts" WHERE "accounts"."id" = $1 LIMIT $2[0m  [["id", 1], ["LIMIT", 1]]
  ↳ app/controllers/accounts_controller.rb:93:in `set_account'
  Rendering layout layouts/application.html.erb
  Rendering accounts/edit.html.erb within layouts/application
  Rendered accounts/_form.html.erb (Duration: 10.4ms | Allocations: 6149)
  Rendered accounts/edit.html.erb within layouts/application (Duration: 11.6ms | Allocations: 6799)
  Rendered layout layouts/application.html.erb (Duration: 61.9ms | Allocations: 43002)
Completed 200 OK in 80ms (Views: 64.1ms | ActiveRecord: 3.8ms | Allocations: 56358)


Started PATCH "/accounts/1" for ::1 at 2022-05-09 09:59:27 +0200
Processing by AccountsController#update as TURBO_STREAM
  Parameters: {"authenticity_token"=>"[FILTERED]", "account"=>{"full_name"=>"ME", "role"=>"admin"}, "commit"=>"Update Account", "id"=>"1"}
  [1m[36mAccount Load (0.3ms)[0m  [1m[34mSELECT "accounts".* FROM "accounts" WHERE "accounts"."id" = $1 LIMIT $2[0m  [["id", 1], ["LIMIT", 1]]
  ↳ app/controllers/accounts_controller.rb:93:in `set_account'
  [1m[36mTRANSACTION (0.1ms)[0m  [1m[35mBEGIN[0m
  ↳ app/controllers/accounts_controller.rb:29:in `block in update'
  [1m[36mAccount Update (0.5ms)[0m  [1m[33mUPDATE "accounts" SET "updated_at" = $1 WHERE "accounts"."id" = $2[0m  [["updated_at", "2022-05-09 07:59:27.824112"], ["id", 1]]
  ↳ app/controllers/accounts_controller.rb:29:in `block in update'
  [1m[36mTRANSACTION (0.6ms)[0m  [1m[35mCOMMIT[0m
  ↳ app/controllers/accounts_controller.rb:29:in `block in update'
Completed 500 Internal Server Error in 8ms (ActiveRecord: 1.4ms | Allocations: 4698)


  
ArgumentError (wrong number of arguments (given 1, expected 0)):
  
config/initializers/producer.rb:2:in `call'
app/controllers/accounts_controller.rb:40:in `block in update'
app/controllers/accounts_controller.rb:26:in `update'
Started GET "/accounts/1/edit" for ::1 at 2022-05-09 10:00:25 +0200
  [1m[36mActiveRecord::SchemaMigration Pluck (0.5ms)[0m  [1m[34mSELECT "schema_migrations"."version" FROM "schema_migrations" ORDER BY "schema_migrations"."version" ASC[0m
Processing by AccountsController#edit as HTML
  Parameters: {"id"=>"1"}
  [1m[36mAccount Load (0.5ms)[0m  [1m[34mSELECT "accounts".* FROM "accounts" WHERE "accounts"."id" = $1 LIMIT $2[0m  [["id", 1], ["LIMIT", 1]]
  ↳ app/controllers/accounts_controller.rb:93:in `set_account'
  Rendering layout layouts/application.html.erb
  Rendering accounts/edit.html.erb within layouts/application
  Rendered accounts/_form.html.erb (Duration: 9.6ms | Allocations: 6142)
  Rendered accounts/edit.html.erb within layouts/application (Duration: 11.0ms | Allocations: 6792)
  Rendered layout layouts/application.html.erb (Duration: 67.9ms | Allocations: 42911)
Completed 200 OK in 86ms (Views: 70.2ms | ActiveRecord: 3.6ms | Allocations: 56267)


Started PATCH "/accounts/1" for ::1 at 2022-05-09 10:00:26 +0200
Processing by AccountsController#update as TURBO_STREAM
  Parameters: {"authenticity_token"=>"[FILTERED]", "account"=>{"full_name"=>"ME", "role"=>"admin"}, "commit"=>"Update Account", "id"=>"1"}
  [1m[36mAccount Load (0.3ms)[0m  [1m[34mSELECT "accounts".* FROM "accounts" WHERE "accounts"."id" = $1 LIMIT $2[0m  [["id", 1], ["LIMIT", 1]]
  ↳ app/controllers/accounts_controller.rb:93:in `set_account'
  [1m[36mTRANSACTION (0.2ms)[0m  [1m[35mBEGIN[0m
  ↳ app/controllers/accounts_controller.rb:29:in `block in update'
  [1m[36mAccount Update (0.7ms)[0m  [1m[33mUPDATE "accounts" SET "updated_at" = $1 WHERE "accounts"."id" = $2[0m  [["updated_at", "2022-05-09 08:00:26.642113"], ["id", 1]]
  ↳ app/controllers/accounts_controller.rb:29:in `block in update'
  [1m[36mTRANSACTION (0.4ms)[0m  [1m[35mCOMMIT[0m
  ↳ app/controllers/accounts_controller.rb:29:in `block in update'
Completed 500 Internal Server Error in 9ms (ActiveRecord: 1.6ms | Allocations: 4707)


  
ArgumentError (wrong number of arguments (given 1, expected 0)):
  
config/initializers/producer.rb:6:in `call'
config/initializers/producer.rb:3:in `call'
app/controllers/accounts_controller.rb:40:in `block in update'
app/controllers/accounts_controller.rb:26:in `update'
Started GET "/accounts/1/edit" for ::1 at 2022-05-09 10:00:50 +0200
  [1m[36mActiveRecord::SchemaMigration Pluck (0.6ms)[0m  [1m[34mSELECT "schema_migrations"."version" FROM "schema_migrations" ORDER BY "schema_migrations"."version" ASC[0m
Processing by AccountsController#edit as HTML
  Parameters: {"id"=>"1"}
  [1m[36mAccount Load (0.5ms)[0m  [1m[34mSELECT "accounts".* FROM "accounts" WHERE "accounts"."id" = $1 LIMIT $2[0m  [["id", 1], ["LIMIT", 1]]
  ↳ app/controllers/accounts_controller.rb:93:in `set_account'
  Rendering layout layouts/application.html.erb
  Rendering accounts/edit.html.erb within layouts/application
  Rendered accounts/_form.html.erb (Duration: 10.2ms | Allocations: 6140)
  Rendered accounts/edit.html.erb within layouts/application (Duration: 11.3ms | Allocations: 6790)
  Rendered layout layouts/application.html.erb (Duration: 63.0ms | Allocations: 42979)
Completed 200 OK in 81ms (Views: 65.5ms | ActiveRecord: 4.1ms | Allocations: 56335)


Started PATCH "/accounts/1" for ::1 at 2022-05-09 10:00:51 +0200
Processing by AccountsController#update as TURBO_STREAM
  Parameters: {"authenticity_token"=>"[FILTERED]", "account"=>{"full_name"=>"ME", "role"=>"admin"}, "commit"=>"Update Account", "id"=>"1"}
  [1m[36mAccount Load (0.3ms)[0m  [1m[34mSELECT "accounts".* FROM "accounts" WHERE "accounts"."id" = $1 LIMIT $2[0m  [["id", 1], ["LIMIT", 1]]
  ↳ app/controllers/accounts_controller.rb:93:in `set_account'
  [1m[36mTRANSACTION (0.1ms)[0m  [1m[35mBEGIN[0m
  ↳ app/controllers/accounts_controller.rb:29:in `block in update'
  [1m[36mAccount Update (0.4ms)[0m  [1m[33mUPDATE "accounts" SET "updated_at" = $1 WHERE "accounts"."id" = $2[0m  [["updated_at", "2022-05-09 08:00:51.860557"], ["id", 1]]
  ↳ app/controllers/accounts_controller.rb:29:in `block in update'
  [1m[36mTRANSACTION (0.6ms)[0m  [1m[35mCOMMIT[0m
  ↳ app/controllers/accounts_controller.rb:29:in `block in update'
Completed 500 Internal Server Error in 8ms (ActiveRecord: 1.4ms | Allocations: 4713)


  
ArgumentError (wrong number of arguments (given 1, expected 0)):
  
config/initializers/producer.rb:6:in `call'
config/initializers/producer.rb:3:in `call'
app/controllers/accounts_controller.rb:40:in `block in update'
app/controllers/accounts_controller.rb:26:in `update'
Started GET "/accounts/1/edit" for ::1 at 2022-05-09 10:01:13 +0200
  [1m[36mActiveRecord::SchemaMigration Pluck (0.5ms)[0m  [1m[34mSELECT "schema_migrations"."version" FROM "schema_migrations" ORDER BY "schema_migrations"."version" ASC[0m
Processing by AccountsController#edit as HTML
  Parameters: {"id"=>"1"}
  [1m[36mAccount Load (0.4ms)[0m  [1m[34mSELECT "accounts".* FROM "accounts" WHERE "accounts"."id" = $1 LIMIT $2[0m  [["id", 1], ["LIMIT", 1]]
  ↳ app/controllers/accounts_controller.rb:93:in `set_account'
  Rendering layout layouts/application.html.erb
  Rendering accounts/edit.html.erb within layouts/application
  Rendered accounts/_form.html.erb (Duration: 9.1ms | Allocations: 6147)
  Rendered accounts/edit.html.erb within layouts/application (Duration: 10.4ms | Allocations: 6797)
  Rendered layout layouts/application.html.erb (Duration: 62.2ms | Allocations: 43028)
Completed 200 OK in 80ms (Views: 64.6ms | ActiveRecord: 3.7ms | Allocations: 56385)


Started PATCH "/accounts/1" for ::1 at 2022-05-09 10:01:15 +0200
Processing by AccountsController#update as TURBO_STREAM
  Parameters: {"authenticity_token"=>"[FILTERED]", "account"=>{"full_name"=>"ME", "role"=>"admin"}, "commit"=>"Update Account", "id"=>"1"}
  [1m[36mAccount Load (0.2ms)[0m  [1m[34mSELECT "accounts".* FROM "accounts" WHERE "accounts"."id" = $1 LIMIT $2[0m  [["id", 1], ["LIMIT", 1]]
  ↳ app/controllers/accounts_controller.rb:93:in `set_account'
  [1m[36mTRANSACTION (0.1ms)[0m  [1m[35mBEGIN[0m
  ↳ app/controllers/accounts_controller.rb:29:in `block in update'
  [1m[36mAccount Update (0.3ms)[0m  [1m[33mUPDATE "accounts" SET "updated_at" = $1 WHERE "accounts"."id" = $2[0m  [["updated_at", "2022-05-09 08:01:15.255974"], ["id", 1]]
  ↳ app/controllers/accounts_controller.rb:29:in `block in update'
  [1m[36mTRANSACTION (0.6ms)[0m  [1m[35mCOMMIT[0m
  ↳ app/controllers/accounts_controller.rb:29:in `block in update'
Completed 500 Internal Server Error in 7ms (ActiveRecord: 1.3ms | Allocations: 4695)


  
ArgumentError (wrong number of arguments (given 2, expected 1)):
  
config/initializers/producer.rb:2:in `call'
app/controllers/accounts_controller.rb:40:in `block in update'
app/controllers/accounts_controller.rb:26:in `update'
Started GET "/accounts/1/edit" for ::1 at 2022-05-09 10:03:39 +0200
  [1m[36mActiveRecord::SchemaMigration Pluck (0.6ms)[0m  [1m[34mSELECT "schema_migrations"."version" FROM "schema_migrations" ORDER BY "schema_migrations"."version" ASC[0m
Processing by AccountsController#edit as HTML
  Parameters: {"id"=>"1"}
  [1m[36mAccount Load (0.4ms)[0m  [1m[34mSELECT "accounts".* FROM "accounts" WHERE "accounts"."id" = $1 LIMIT $2[0m  [["id", 1], ["LIMIT", 1]]
  ↳ app/controllers/accounts_controller.rb:93:in `set_account'
  Rendering layout layouts/application.html.erb
  Rendering accounts/edit.html.erb within layouts/application
  Rendered accounts/_form.html.erb (Duration: 10.8ms | Allocations: 6139)
  Rendered accounts/edit.html.erb within layouts/application (Duration: 12.0ms | Allocations: 6789)
  Rendered layout layouts/application.html.erb (Duration: 70.5ms | Allocations: 42776)
Completed 200 OK in 88ms (Views: 72.9ms | ActiveRecord: 3.4ms | Allocations: 56132)


Started PATCH "/accounts/1" for ::1 at 2022-05-09 10:03:40 +0200
Processing by AccountsController#update as TURBO_STREAM
  Parameters: {"authenticity_token"=>"[FILTERED]", "account"=>{"full_name"=>"ME", "role"=>"admin"}, "commit"=>"Update Account", "id"=>"1"}
  [1m[36mAccount Load (0.2ms)[0m  [1m[34mSELECT "accounts".* FROM "accounts" WHERE "accounts"."id" = $1 LIMIT $2[0m  [["id", 1], ["LIMIT", 1]]
  ↳ app/controllers/accounts_controller.rb:93:in `set_account'
  [1m[36mTRANSACTION (0.1ms)[0m  [1m[35mBEGIN[0m
  ↳ app/controllers/accounts_controller.rb:29:in `block in update'
  [1m[36mAccount Update (0.4ms)[0m  [1m[33mUPDATE "accounts" SET "updated_at" = $1 WHERE "accounts"."id" = $2[0m  [["updated_at", "2022-05-09 08:03:40.939279"], ["id", 1]]
  ↳ app/controllers/accounts_controller.rb:29:in `block in update'
  [1m[36mTRANSACTION (0.7ms)[0m  [1m[35mCOMMIT[0m
  ↳ app/controllers/accounts_controller.rb:29:in `block in update'
Completed 500 Internal Server Error in 8ms (ActiveRecord: 1.5ms | Allocations: 4701)


  
ArgumentError (wrong number of arguments (given 1, expected 0)):
  
config/initializers/producer.rb:2:in `call'
app/controllers/accounts_controller.rb:40:in `block in update'
app/controllers/accounts_controller.rb:26:in `update'
Started GET "/accounts/1/edit" for ::1 at 2022-05-09 10:04:37 +0200
  [1m[36mActiveRecord::SchemaMigration Pluck (0.6ms)[0m  [1m[34mSELECT "schema_migrations"."version" FROM "schema_migrations" ORDER BY "schema_migrations"."version" ASC[0m
Processing by AccountsController#edit as HTML
  Parameters: {"id"=>"1"}
  [1m[36mAccount Load (0.4ms)[0m  [1m[34mSELECT "accounts".* FROM "accounts" WHERE "accounts"."id" = $1 LIMIT $2[0m  [["id", 1], ["LIMIT", 1]]
  ↳ app/controllers/accounts_controller.rb:93:in `set_account'
  Rendering layout layouts/application.html.erb
  Rendering accounts/edit.html.erb within layouts/application
  Rendered accounts/_form.html.erb (Duration: 9.6ms | Allocations: 6146)
  Rendered accounts/edit.html.erb within layouts/application (Duration: 11.0ms | Allocations: 6796)
  Rendered layout layouts/application.html.erb (Duration: 69.5ms | Allocations: 43152)
Completed 200 OK in 88ms (Views: 71.9ms | ActiveRecord: 4.2ms | Allocations: 56508)


Started PATCH "/accounts/1" for ::1 at 2022-05-09 10:04:38 +0200
Processing by AccountsController#update as TURBO_STREAM
  Parameters: {"authenticity_token"=>"[FILTERED]", "account"=>{"full_name"=>"ME", "role"=>"admin"}, "commit"=>"Update Account", "id"=>"1"}
  [1m[36mAccount Load (0.2ms)[0m  [1m[34mSELECT "accounts".* FROM "accounts" WHERE "accounts"."id" = $1 LIMIT $2[0m  [["id", 1], ["LIMIT", 1]]
  ↳ app/controllers/accounts_controller.rb:93:in `set_account'
  [1m[36mTRANSACTION (0.1ms)[0m  [1m[35mBEGIN[0m
  ↳ app/controllers/accounts_controller.rb:29:in `block in update'
  [1m[36mAccount Update (1.5ms)[0m  [1m[33mUPDATE "accounts" SET "updated_at" = $1 WHERE "accounts"."id" = $2[0m  [["updated_at", "2022-05-09 08:04:38.813037"], ["id", 1]]
  ↳ app/controllers/accounts_controller.rb:29:in `block in update'
  [1m[36mTRANSACTION (0.5ms)[0m  [1m[35mCOMMIT[0m
  ↳ app/controllers/accounts_controller.rb:29:in `block in update'
Completed 500 Internal Server Error in 9ms (ActiveRecord: 2.4ms | Allocations: 4697)


  
ArgumentError (wrong number of arguments (given 2, expected 1)):
  
config/initializers/producer.rb:6:in `call'
config/initializers/producer.rb:3:in `call'
app/controllers/accounts_controller.rb:40:in `block in update'
app/controllers/accounts_controller.rb:26:in `update'
Started GET "/accounts/1/edit" for ::1 at 2022-05-09 10:05:21 +0200
  [1m[36mActiveRecord::SchemaMigration Pluck (0.8ms)[0m  [1m[34mSELECT "schema_migrations"."version" FROM "schema_migrations" ORDER BY "schema_migrations"."version" ASC[0m
Processing by AccountsController#edit as HTML
  Parameters: {"id"=>"1"}
  [1m[36mAccount Load (0.5ms)[0m  [1m[34mSELECT "accounts".* FROM "accounts" WHERE "accounts"."id" = $1 LIMIT $2[0m  [["id", 1], ["LIMIT", 1]]
  ↳ app/controllers/accounts_controller.rb:93:in `set_account'
  Rendering layout layouts/application.html.erb
  Rendering accounts/edit.html.erb within layouts/application
  Rendered accounts/_form.html.erb (Duration: 10.3ms | Allocations: 6134)
  Rendered accounts/edit.html.erb within layouts/application (Duration: 12.0ms | Allocations: 6784)
  Rendered layout layouts/application.html.erb (Duration: 69.2ms | Allocations: 42944)
Completed 200 OK in 89ms (Views: 72.2ms | ActiveRecord: 3.9ms | Allocations: 56300)


Started PATCH "/accounts/1" for ::1 at 2022-05-09 10:05:23 +0200
Processing by AccountsController#update as TURBO_STREAM
  Parameters: {"authenticity_token"=>"[FILTERED]", "account"=>{"full_name"=>"ME", "role"=>"admin"}, "commit"=>"Update Account", "id"=>"1"}
  [1m[36mAccount Load (0.2ms)[0m  [1m[34mSELECT "accounts".* FROM "accounts" WHERE "accounts"."id" = $1 LIMIT $2[0m  [["id", 1], ["LIMIT", 1]]
  ↳ app/controllers/accounts_controller.rb:93:in `set_account'
  [1m[36mTRANSACTION (0.1ms)[0m  [1m[35mBEGIN[0m
  ↳ app/controllers/accounts_controller.rb:29:in `block in update'
  [1m[36mAccount Update (0.4ms)[0m  [1m[33mUPDATE "accounts" SET "updated_at" = $1 WHERE "accounts"."id" = $2[0m  [["updated_at", "2022-05-09 08:05:23.545166"], ["id", 1]]
  ↳ app/controllers/accounts_controller.rb:29:in `block in update'
  [1m[36mTRANSACTION (0.6ms)[0m  [1m[35mCOMMIT[0m
  ↳ app/controllers/accounts_controller.rb:29:in `block in update'
Completed 500 Internal Server Error in 14ms (ActiveRecord: 1.3ms | Allocations: 7575)


  
NameError (undefined local variable or method `public_id' for #<AccountsController:0x0000000000a4b0>
Did you mean?  public_send):
  
app/controllers/accounts_controller.rb:45:in `block in update'
app/controllers/accounts_controller.rb:26:in `update'
Started GET "/accounts/1/edit" for ::1 at 2022-05-09 10:05:49 +0200
Processing by AccountsController#edit as HTML
  Parameters: {"id"=>"1"}
  [1m[36mAccount Load (0.2ms)[0m  [1m[34mSELECT "accounts".* FROM "accounts" WHERE "accounts"."id" = $1 LIMIT $2[0m  [["id", 1], ["LIMIT", 1]]
  ↳ app/controllers/accounts_controller.rb:93:in `set_account'
  Rendering layout layouts/application.html.erb
  Rendering accounts/edit.html.erb within layouts/application
  Rendered accounts/_form.html.erb (Duration: 1.5ms | Allocations: 1320)
  Rendered accounts/edit.html.erb within layouts/application (Duration: 2.0ms | Allocations: 1470)
  Rendered layout layouts/application.html.erb (Duration: 14.5ms | Allocations: 16266)
Completed 200 OK in 28ms (Views: 16.5ms | ActiveRecord: 3.8ms | Allocations: 21330)


Started PATCH "/accounts/1" for ::1 at 2022-05-09 10:05:50 +0200
Processing by AccountsController#update as TURBO_STREAM
  Parameters: {"authenticity_token"=>"[FILTERED]", "account"=>{"full_name"=>"ME", "role"=>"admin"}, "commit"=>"Update Account", "id"=>"1"}
  [1m[36mAccount Load (0.3ms)[0m  [1m[34mSELECT "accounts".* FROM "accounts" WHERE "accounts"."id" = $1 LIMIT $2[0m  [["id", 1], ["LIMIT", 1]]
  ↳ app/controllers/accounts_controller.rb:93:in `set_account'
  [1m[36mTRANSACTION (0.1ms)[0m  [1m[35mBEGIN[0m
  ↳ app/controllers/accounts_controller.rb:29:in `block in update'
  [1m[36mAccount Update (0.3ms)[0m  [1m[33mUPDATE "accounts" SET "updated_at" = $1 WHERE "accounts"."id" = $2[0m  [["updated_at", "2022-05-09 08:05:50.930253"], ["id", 1]]
  ↳ app/controllers/accounts_controller.rb:29:in `block in update'
  [1m[36mTRANSACTION (0.5ms)[0m  [1m[35mCOMMIT[0m
  ↳ app/controllers/accounts_controller.rb:29:in `block in update'
Completed 500 Internal Server Error in 11ms (ActiveRecord: 1.2ms | Allocations: 6539)


  
NameError (undefined local variable or method `role' for #<AccountsController:0x0000000000d390>):
  
app/controllers/accounts_controller.rb:45:in `block in update'
app/controllers/accounts_controller.rb:26:in `update'
Started GET "/accounts/1/edit" for ::1 at 2022-05-09 10:06:01 +0200
Processing by AccountsController#edit as HTML
  Parameters: {"id"=>"1"}
  [1m[36mAccount Load (0.2ms)[0m  [1m[34mSELECT "accounts".* FROM "accounts" WHERE "accounts"."id" = $1 LIMIT $2[0m  [["id", 1], ["LIMIT", 1]]
  ↳ app/controllers/accounts_controller.rb:93:in `set_account'
  Rendering layout layouts/application.html.erb
  Rendering accounts/edit.html.erb within layouts/application
  Rendered accounts/_form.html.erb (Duration: 1.9ms | Allocations: 1320)
  Rendered accounts/edit.html.erb within layouts/application (Duration: 2.2ms | Allocations: 1470)
  Rendered layout layouts/application.html.erb (Duration: 14.2ms | Allocations: 16259)
Completed 200 OK in 24ms (Views: 15.3ms | ActiveRecord: 2.5ms | Allocations: 21267)


Started PATCH "/accounts/1" for ::1 at 2022-05-09 10:06:02 +0200
Processing by AccountsController#update as TURBO_STREAM
  Parameters: {"authenticity_token"=>"[FILTERED]", "account"=>{"full_name"=>"ME", "role"=>"admin"}, "commit"=>"Update Account", "id"=>"1"}
  [1m[36mAccount Load (0.2ms)[0m  [1m[34mSELECT "accounts".* FROM "accounts" WHERE "accounts"."id" = $1 LIMIT $2[0m  [["id", 1], ["LIMIT", 1]]
  ↳ app/controllers/accounts_controller.rb:93:in `set_account'
  [1m[36mTRANSACTION (0.1ms)[0m  [1m[35mBEGIN[0m
  ↳ app/controllers/accounts_controller.rb:29:in `block in update'
  [1m[36mAccount Update (0.3ms)[0m  [1m[33mUPDATE "accounts" SET "updated_at" = $1 WHERE "accounts"."id" = $2[0m  [["updated_at", "2022-05-09 08:06:02.676792"], ["id", 1]]
  ↳ app/controllers/accounts_controller.rb:29:in `block in update'
  [1m[36mTRANSACTION (0.5ms)[0m  [1m[35mCOMMIT[0m
  ↳ app/controllers/accounts_controller.rb:29:in `block in update'
Redirected to http://localhost:3000/
Completed 302 Found in 7ms (ActiveRecord: 1.1ms | Allocations: 3642)


Started GET "/" for ::1 at 2022-05-09 10:06:02 +0200
Processing by AccountsController#index as TURBO_STREAM
  [1m[36mAccount Load (0.2ms)[0m  [1m[34mSELECT "accounts".* FROM "accounts" WHERE "accounts"."id" = $1 ORDER BY "accounts"."id" ASC LIMIT $2[0m  [["id", 1], ["LIMIT", 1]]
  Rendering layout layouts/application.html.erb
  Rendering accounts/index.html.erb within layouts/application
  [1m[36mAccount Load (0.4ms)[0m  [1m[34mSELECT "accounts".* FROM "accounts"[0m
  ↳ app/views/accounts/index.html.erb:20
  Rendered accounts/index.html.erb within layouts/application (Duration: 3.3ms | Allocations: 1137)
  Rendered layout layouts/application.html.erb (Duration: 6.3ms | Allocations: 3564)
Completed 200 OK in 15ms (Views: 6.4ms | ActiveRecord: 0.5ms | Allocations: 8898)


Started GET "/accounts/1/edit" for ::1 at 2022-05-09 10:06:10 +0200
Processing by AccountsController#edit as HTML
  Parameters: {"id"=>"1"}
  [1m[36mAccount Load (1.5ms)[0m  [1m[34mSELECT "accounts".* FROM "accounts" WHERE "accounts"."id" = $1 LIMIT $2[0m  [["id", 1], ["LIMIT", 1]]
  ↳ app/controllers/accounts_controller.rb:93:in `set_account'
  Rendering layout layouts/application.html.erb
  Rendering accounts/edit.html.erb within layouts/application
  Rendered accounts/_form.html.erb (Duration: 1.7ms | Allocations: 1241)
  Rendered accounts/edit.html.erb within layouts/application (Duration: 2.2ms | Allocations: 1376)
  Rendered layout layouts/application.html.erb (Duration: 5.6ms | Allocations: 3784)
Completed 200 OK in 16ms (Views: 6.4ms | ActiveRecord: 1.5ms | Allocations: 4608)


Started PATCH "/accounts/1" for ::1 at 2022-05-09 10:06:18 +0200
Processing by AccountsController#update as TURBO_STREAM
  Parameters: {"authenticity_token"=>"[FILTERED]", "account"=>{"full_name"=>"ME", "role"=>"admin"}, "commit"=>"Update Account", "id"=>"1"}
  [1m[36mAccount Load (0.1ms)[0m  [1m[34mSELECT "accounts".* FROM "accounts" WHERE "accounts"."id" = $1 LIMIT $2[0m  [["id", 1], ["LIMIT", 1]]
  ↳ app/controllers/accounts_controller.rb:93:in `set_account'
  [1m[36mTRANSACTION (0.4ms)[0m  [1m[35mBEGIN[0m
  ↳ app/controllers/accounts_controller.rb:29:in `block in update'
  [1m[36mAccount Update (0.4ms)[0m  [1m[33mUPDATE "accounts" SET "updated_at" = $1 WHERE "accounts"."id" = $2[0m  [["updated_at", "2022-05-09 08:06:18.008125"], ["id", 1]]
  ↳ app/controllers/accounts_controller.rb:29:in `block in update'
  [1m[36mTRANSACTION (0.3ms)[0m  [1m[35mCOMMIT[0m
  ↳ app/controllers/accounts_controller.rb:29:in `block in update'
Redirected to http://localhost:3000/
Completed 302 Found in 7ms (ActiveRecord: 1.1ms | Allocations: 3282)


Started GET "/" for ::1 at 2022-05-09 10:06:18 +0200
Processing by AccountsController#index as TURBO_STREAM
  [1m[36mAccount Load (0.2ms)[0m  [1m[34mSELECT "accounts".* FROM "accounts" WHERE "accounts"."id" = $1 ORDER BY "accounts"."id" ASC LIMIT $2[0m  [["id", 1], ["LIMIT", 1]]
  Rendering layout layouts/application.html.erb
  Rendering accounts/index.html.erb within layouts/application
  [1m[36mAccount Load (0.2ms)[0m  [1m[34mSELECT "accounts".* FROM "accounts"[0m
  ↳ app/views/accounts/index.html.erb:20
  Rendered accounts/index.html.erb within layouts/application (Duration: 1.7ms | Allocations: 743)
  Rendered layout layouts/application.html.erb (Duration: 5.1ms | Allocations: 3158)
Completed 200 OK in 9ms (Views: 5.4ms | ActiveRecord: 0.5ms | Allocations: 5024)


Started GET "/accounts/1/edit" for ::1 at 2022-05-09 10:06:45 +0200
Processing by AccountsController#edit as HTML
  Parameters: {"id"=>"1"}
  [1m[36mAccount Load (4.3ms)[0m  [1m[34mSELECT "accounts".* FROM "accounts" WHERE "accounts"."id" = $1 LIMIT $2[0m  [["id", 1], ["LIMIT", 1]]
  ↳ app/controllers/accounts_controller.rb:93:in `set_account'
  Rendering layout layouts/application.html.erb
  Rendering accounts/edit.html.erb within layouts/application
  Rendered accounts/_form.html.erb (Duration: 1.7ms | Allocations: 1237)
  Rendered accounts/edit.html.erb within layouts/application (Duration: 2.2ms | Allocations: 1372)
  Rendered layout layouts/application.html.erb (Duration: 18.9ms | Allocations: 3766)
Completed 200 OK in 27ms (Views: 19.5ms | ActiveRecord: 4.3ms | Allocations: 4574)


Started PATCH "/accounts/1" for ::1 at 2022-05-09 10:06:48 +0200
Processing by AccountsController#update as TURBO_STREAM
  Parameters: {"authenticity_token"=>"[FILTERED]", "account"=>{"full_name"=>"ME", "role"=>"accounting_clerk"}, "commit"=>"Update Account", "id"=>"1"}
  [1m[36mAccount Load (0.2ms)[0m  [1m[34mSELECT "accounts".* FROM "accounts" WHERE "accounts"."id" = $1 LIMIT $2[0m  [["id", 1], ["LIMIT", 1]]
  ↳ app/controllers/accounts_controller.rb:93:in `set_account'
  [1m[36mTRANSACTION (0.1ms)[0m  [1m[35mBEGIN[0m
  ↳ app/controllers/accounts_controller.rb:29:in `block in update'
  [1m[36mAccount Update (0.3ms)[0m  [1m[33mUPDATE "accounts" SET "updated_at" = $1 WHERE "accounts"."id" = $2[0m  [["updated_at", "2022-05-09 08:06:48.535604"], ["id", 1]]
  ↳ app/controllers/accounts_controller.rb:29:in `block in update'
  [1m[36mTRANSACTION (0.2ms)[0m  [1m[35mCOMMIT[0m
  ↳ app/controllers/accounts_controller.rb:29:in `block in update'
Redirected to http://localhost:3000/
Completed 302 Found in 6ms (ActiveRecord: 0.9ms | Allocations: 3288)


Started GET "/" for ::1 at 2022-05-09 10:06:48 +0200
Processing by AccountsController#index as TURBO_STREAM
  [1m[36mAccount Load (0.2ms)[0m  [1m[34mSELECT "accounts".* FROM "accounts" WHERE "accounts"."id" = $1 ORDER BY "accounts"."id" ASC LIMIT $2[0m  [["id", 1], ["LIMIT", 1]]
  Rendering layout layouts/application.html.erb
  Rendering accounts/index.html.erb within layouts/application
  [1m[36mAccount Load (0.2ms)[0m  [1m[34mSELECT "accounts".* FROM "accounts"[0m
  ↳ app/views/accounts/index.html.erb:20
  Rendered accounts/index.html.erb within layouts/application (Duration: 1.3ms | Allocations: 743)
  Rendered layout layouts/application.html.erb (Duration: 4.5ms | Allocations: 3158)
Completed 200 OK in 8ms (Views: 4.7ms | ActiveRecord: 0.4ms | Allocations: 5016)


  [1m[35m (0.9ms)[0m  [1m[34mSELECT pg_try_advisory_lock(439837519115335530)[0m
  [1m[36mActiveRecord::SchemaMigration Pluck (0.7ms)[0m  [1m[34mSELECT "schema_migrations"."version" FROM "schema_migrations" ORDER BY "schema_migrations"."version" ASC[0m
Migrating to AddRoleToAccount (20220509154557)
  [1m[36mTRANSACTION (0.1ms)[0m  [1m[35mBEGIN[0m
  [1m[35m (14.4ms)[0m  [1m[35mALTER TABLE "accounts" ADD "role" character varying[0m
  [1m[36mActiveRecord::SchemaMigration Create (0.3ms)[0m  [1m[32mINSERT INTO "schema_migrations" ("version") VALUES ($1) RETURNING "version"[0m  [["version", "20220509154557"]]
  [1m[36mTRANSACTION (1.5ms)[0m  [1m[35mCOMMIT[0m
  [1m[36mActiveRecord::InternalMetadata Load (0.5ms)[0m  [1m[34mSELECT "ar_internal_metadata".* FROM "ar_internal_metadata" WHERE "ar_internal_metadata"."key" = $1 LIMIT $2[0m  [["key", "environment"], ["LIMIT", 1]]
  [1m[35m (0.2ms)[0m  [1m[34mSELECT pg_advisory_unlock(439837519115335530)[0m
  [1m[36mActiveRecord::SchemaMigration Pluck (0.5ms)[0m  [1m[34mSELECT "schema_migrations"."version" FROM "schema_migrations" ORDER BY "schema_migrations"."version" ASC[0m
Started GET "/accounts/1/edit" for ::1 at 2022-05-09 17:46:22 +0200
  [1m[36mActiveRecord::SchemaMigration Pluck (0.7ms)[0m  [1m[34mSELECT "schema_migrations"."version" FROM "schema_migrations" ORDER BY "schema_migrations"."version" ASC[0m
Processing by AccountsController#edit as HTML
  Parameters: {"id"=>"1"}
  [1m[36mAccount Load (4.1ms)[0m  [1m[34mSELECT "accounts".* FROM "accounts" WHERE "accounts"."id" = $1 LIMIT $2[0m  [["id", 1], ["LIMIT", 1]]
  ↳ app/controllers/accounts_controller.rb:93:in `set_account'
  Rendering layout layouts/application.html.erb
  Rendering accounts/edit.html.erb within layouts/application
  Rendered accounts/_form.html.erb (Duration: 10.9ms | Allocations: 1329)
  Rendered accounts/edit.html.erb within layouts/application (Duration: 11.7ms | Allocations: 1479)
  Rendered layout layouts/application.html.erb (Duration: 48.6ms | Allocations: 16276)
Completed 200 OK in 75ms (Views: 54.0ms | ActiveRecord: 4.3ms | Allocations: 21004)


Started PATCH "/accounts/1" for ::1 at 2022-05-09 17:46:25 +0200
Processing by AccountsController#update as TURBO_STREAM
  Parameters: {"authenticity_token"=>"[FILTERED]", "account"=>{"full_name"=>"ME", "role"=>"admin"}, "commit"=>"Update Account", "id"=>"1"}
  [1m[36mAccount Load (0.2ms)[0m  [1m[34mSELECT "accounts".* FROM "accounts" WHERE "accounts"."id" = $1 LIMIT $2[0m  [["id", 1], ["LIMIT", 1]]
  ↳ app/controllers/accounts_controller.rb:93:in `set_account'
  [1m[36mTRANSACTION (0.2ms)[0m  [1m[35mBEGIN[0m
  ↳ app/controllers/accounts_controller.rb:29:in `block in update'
  [1m[36mAccount Update (0.6ms)[0m  [1m[33mUPDATE "accounts" SET "updated_at" = $1 WHERE "accounts"."id" = $2[0m  [["updated_at", "2022-05-09 15:46:25.197696"], ["id", 1]]
  ↳ app/controllers/accounts_controller.rb:29:in `block in update'
  [1m[36mTRANSACTION (4.0ms)[0m  [1m[35mCOMMIT[0m
  ↳ app/controllers/accounts_controller.rb:29:in `block in update'
Redirected to http://localhost:3000/
Completed 302 Found in 19ms (ActiveRecord: 4.9ms | Allocations: 3574)


Started GET "/" for ::1 at 2022-05-09 17:46:25 +0200
Processing by AccountsController#index as TURBO_STREAM
  [1m[36mAccount Load (0.3ms)[0m  [1m[34mSELECT "accounts".* FROM "accounts" WHERE "accounts"."id" = $1 ORDER BY "accounts"."id" ASC LIMIT $2[0m  [["id", 1], ["LIMIT", 1]]
  Rendering layout layouts/application.html.erb
  Rendering accounts/index.html.erb within layouts/application
  [1m[36mAccount Load (0.2ms)[0m  [1m[34mSELECT "accounts".* FROM "accounts"[0m
  ↳ app/views/accounts/index.html.erb:20
  Rendered accounts/index.html.erb within layouts/application (Duration: 1.6ms | Allocations: 763)
  Rendered layout layouts/application.html.erb (Duration: 7.8ms | Allocations: 3181)
Completed 200 OK in 22ms (Views: 8.2ms | ActiveRecord: 0.5ms | Allocations: 8179)


Started GET "/accounts/1/edit" for ::1 at 2022-05-09 17:48:01 +0200
Processing by AccountsController#edit as HTML
  Parameters: {"id"=>"1"}
  [1m[36mAccount Load (0.3ms)[0m  [1m[34mSELECT "accounts".* FROM "accounts" WHERE "accounts"."id" = $1 LIMIT $2[0m  [["id", 1], ["LIMIT", 1]]
  ↳ app/controllers/accounts_controller.rb:93:in `set_account'
  Rendering layout layouts/application.html.erb
  Rendering accounts/edit.html.erb within layouts/application
  Rendered accounts/_form.html.erb (Duration: 9.2ms | Allocations: 1242)
  Rendered accounts/edit.html.erb within layouts/application (Duration: 10.6ms | Allocations: 1377)
  Rendered layout layouts/application.html.erb (Duration: 19.1ms | Allocations: 3771)
Completed 200 OK in 25ms (Views: 19.7ms | ActiveRecord: 0.3ms | Allocations: 4581)


Started GET "/accounts/1/edit" for ::1 at 2022-05-09 17:48:06 +0200
Processing by AccountsController#edit as HTML
  Parameters: {"id"=>"1"}
  [1m[36mAccount Load (0.2ms)[0m  [1m[34mSELECT "accounts".* FROM "accounts" WHERE "accounts"."id" = $1 LIMIT $2[0m  [["id", 1], ["LIMIT", 1]]
  ↳ app/controllers/accounts_controller.rb:93:in `set_account'
  Rendering layout layouts/application.html.erb
  Rendering accounts/edit.html.erb within layouts/application
  Rendered accounts/_form.html.erb (Duration: 2.1ms | Allocations: 1256)
  Rendered accounts/edit.html.erb within layouts/application (Duration: 2.5ms | Allocations: 1391)
  Rendered layout layouts/application.html.erb (Duration: 15.7ms | Allocations: 3785)
Completed 200 OK in 25ms (Views: 16.2ms | ActiveRecord: 0.2ms | Allocations: 4592)


Started PATCH "/accounts/1" for ::1 at 2022-05-09 17:48:09 +0200
Processing by AccountsController#update as TURBO_STREAM
  Parameters: {"authenticity_token"=>"[FILTERED]", "account"=>{"full_name"=>"ME", "role"=>"employee"}, "commit"=>"Update Account", "id"=>"1"}
  [1m[36mAccount Load (0.3ms)[0m  [1m[34mSELECT "accounts".* FROM "accounts" WHERE "accounts"."id" = $1 LIMIT $2[0m  [["id", 1], ["LIMIT", 1]]
  ↳ app/controllers/accounts_controller.rb:93:in `set_account'
  [1m[36mTRANSACTION (0.1ms)[0m  [1m[35mBEGIN[0m
  ↳ app/controllers/accounts_controller.rb:29:in `block in update'
  [1m[36mAccount Update (0.3ms)[0m  [1m[33mUPDATE "accounts" SET "updated_at" = $1 WHERE "accounts"."id" = $2[0m  [["updated_at", "2022-05-09 15:48:09.752363"], ["id", 1]]
  ↳ app/controllers/accounts_controller.rb:29:in `block in update'
  [1m[36mTRANSACTION (4.9ms)[0m  [1m[35mCOMMIT[0m
  ↳ app/controllers/accounts_controller.rb:29:in `block in update'
Redirected to http://localhost:3000/
Completed 302 Found in 34ms (ActiveRecord: 5.5ms | Allocations: 3286)


Started GET "/" for ::1 at 2022-05-09 17:48:09 +0200
Processing by AccountsController#index as TURBO_STREAM
  [1m[36mAccount Load (0.3ms)[0m  [1m[34mSELECT "accounts".* FROM "accounts" WHERE "accounts"."id" = $1 ORDER BY "accounts"."id" ASC LIMIT $2[0m  [["id", 1], ["LIMIT", 1]]
  Rendering layout layouts/application.html.erb
  Rendering accounts/index.html.erb within layouts/application
  [1m[36mAccount Load (0.2ms)[0m  [1m[34mSELECT "accounts".* FROM "accounts"[0m
  ↳ app/views/accounts/index.html.erb:20
  Rendered accounts/index.html.erb within layouts/application (Duration: 1.4ms | Allocations: 744)
  Rendered layout layouts/application.html.erb (Duration: 17.7ms | Allocations: 3159)
Completed 200 OK in 30ms (Views: 18.6ms | ActiveRecord: 0.5ms | Allocations: 5019)


Started GET "/accounts/1/edit" for ::1 at 2022-05-09 17:49:01 +0200
Processing by AccountsController#edit as HTML
  Parameters: {"id"=>"1"}
  [1m[36mAccount Load (0.2ms)[0m  [1m[34mSELECT "accounts".* FROM "accounts" WHERE "accounts"."id" = $1 LIMIT $2[0m  [["id", 1], ["LIMIT", 1]]
  ↳ app/controllers/accounts_controller.rb:94:in `set_account'
  Rendering layout layouts/application.html.erb
  Rendering accounts/edit.html.erb within layouts/application
  Rendered accounts/_form.html.erb (Duration: 2.0ms | Allocations: 1316)
  Rendered accounts/edit.html.erb within layouts/application (Duration: 2.4ms | Allocations: 1466)
  Rendered layout layouts/application.html.erb (Duration: 104.8ms | Allocations: 16238)
Completed 200 OK in 138ms (Views: 115.3ms | ActiveRecord: 4.3ms | Allocations: 21307)


Started GET "/" for ::1 at 2022-05-09 17:49:05 +0200
Processing by AccountsController#index as HTML
  [1m[36mAccount Load (0.3ms)[0m  [1m[34mSELECT "accounts".* FROM "accounts" WHERE "accounts"."id" = $1 ORDER BY "accounts"."id" ASC LIMIT $2[0m  [["id", 1], ["LIMIT", 1]]
  Rendering layout layouts/application.html.erb
  Rendering accounts/index.html.erb within layouts/application
  [1m[36mAccount Load (2.4ms)[0m  [1m[34mSELECT "accounts".* FROM "accounts"[0m
  ↳ app/views/accounts/index.html.erb:20
  Rendered accounts/index.html.erb within layouts/application (Duration: 4.8ms | Allocations: 764)
  Rendered layout layouts/application.html.erb (Duration: 14.3ms | Allocations: 3181)
Completed 200 OK in 71ms (Views: 12.5ms | ActiveRecord: 2.7ms | Allocations: 8151)


Started GET "/accounts/1/edit" for ::1 at 2022-05-09 17:49:27 +0200
  [1m[36mActiveRecord::SchemaMigration Pluck (0.5ms)[0m  [1m[34mSELECT "schema_migrations"."version" FROM "schema_migrations" ORDER BY "schema_migrations"."version" ASC[0m
Processing by AccountsController#edit as HTML
  Parameters: {"id"=>"1"}
  [1m[36mAccount Load (0.5ms)[0m  [1m[34mSELECT "accounts".* FROM "accounts" WHERE "accounts"."id" = $1 LIMIT $2[0m  [["id", 1], ["LIMIT", 1]]
  ↳ app/controllers/accounts_controller.rb:94:in `set_account'
  Rendering layout layouts/application.html.erb
  Rendering accounts/edit.html.erb within layouts/application
  Rendered accounts/_form.html.erb (Duration: 15.5ms | Allocations: 6144)
  Rendered accounts/edit.html.erb within layouts/application (Duration: 17.7ms | Allocations: 6793)
  Rendered layout layouts/application.html.erb (Duration: 65.2ms | Allocations: 43226)
Completed 200 OK in 88ms (Views: 69.3ms | ActiveRecord: 3.9ms | Allocations: 56630)


Started PATCH "/accounts/1" for ::1 at 2022-05-09 17:49:31 +0200
Processing by AccountsController#update as TURBO_STREAM
  Parameters: {"authenticity_token"=>"[FILTERED]", "account"=>{"full_name"=>"ME", "role"=>"employee"}, "commit"=>"Update Account", "id"=>"1"}
  [1m[36mAccount Load (0.3ms)[0m  [1m[34mSELECT "accounts".* FROM "accounts" WHERE "accounts"."id" = $1 LIMIT $2[0m  [["id", 1], ["LIMIT", 1]]
  ↳ app/controllers/accounts_controller.rb:94:in `set_account'
Completed 500 Internal Server Error in 7ms (ActiveRecord: 0.3ms | Allocations: 4416)


  
NameError (undefined local variable or method `byebug' for #<AccountsController:0x0000000000a1b8>):
  
app/controllers/accounts_controller.rb:27:in `block in update'
app/controllers/accounts_controller.rb:26:in `update'
Started PUT "/__web_console/repl_sessions/78d67e2853f7fc04bf9f2cf21c2b04d1" for ::1 at 2022-05-09 17:49:37 +0200
Started PUT "/__web_console/repl_sessions/78d67e2853f7fc04bf9f2cf21c2b04d1" for ::1 at 2022-05-09 17:49:44 +0200
Started GET "/accounts/1/edit" for ::1 at 2022-05-09 17:49:59 +0200
  [1m[36mActiveRecord::SchemaMigration Pluck (0.5ms)[0m  [1m[34mSELECT "schema_migrations"."version" FROM "schema_migrations" ORDER BY "schema_migrations"."version" ASC[0m
Processing by AccountsController#edit as HTML
  Parameters: {"id"=>"1"}
  [1m[36mAccount Load (0.4ms)[0m  [1m[34mSELECT "accounts".* FROM "accounts" WHERE "accounts"."id" = $1 LIMIT $2[0m  [["id", 1], ["LIMIT", 1]]
  ↳ app/controllers/accounts_controller.rb:93:in `set_account'
  Rendering layout layouts/application.html.erb
  Rendering accounts/edit.html.erb within layouts/application
  Rendered accounts/_form.html.erb (Duration: 9.3ms | Allocations: 6151)
  Rendered accounts/edit.html.erb within layouts/application (Duration: 10.5ms | Allocations: 6801)
  Rendered layout layouts/application.html.erb (Duration: 64.7ms | Allocations: 42648)
Completed 200 OK in 82ms (Views: 67.1ms | ActiveRecord: 3.7ms | Allocations: 56053)


Started PATCH "/accounts/1" for ::1 at 2022-05-09 17:50:03 +0200
Processing by AccountsController#update as TURBO_STREAM
  Parameters: {"authenticity_token"=>"[FILTERED]", "account"=>{"full_name"=>"ME", "role"=>"employee"}, "commit"=>"Update Account", "id"=>"1"}
  [1m[36mAccount Load (0.2ms)[0m  [1m[34mSELECT "accounts".* FROM "accounts" WHERE "accounts"."id" = $1 LIMIT $2[0m  [["id", 1], ["LIMIT", 1]]
  ↳ app/controllers/accounts_controller.rb:93:in `set_account'
  [1m[36mTRANSACTION (0.1ms)[0m  [1m[35mBEGIN[0m
  ↳ app/controllers/accounts_controller.rb:29:in `block in update'
  [1m[36mAccount Update (0.5ms)[0m  [1m[33mUPDATE "accounts" SET "updated_at" = $1, "role" = $2 WHERE "accounts"."id" = $3[0m  [["updated_at", "2022-05-09 15:50:03.072667"], ["role", "employee"], ["id", 1]]
  ↳ app/controllers/accounts_controller.rb:29:in `block in update'
  [1m[36mTRANSACTION (0.6ms)[0m  [1m[35mCOMMIT[0m
  ↳ app/controllers/accounts_controller.rb:29:in `block in update'
Redirected to http://localhost:3000/
Completed 302 Found in 9ms (ActiveRecord: 1.4ms | Allocations: 4683)


Started GET "/" for ::1 at 2022-05-09 17:50:03 +0200
Processing by AccountsController#index as TURBO_STREAM
  [1m[36mAccount Load (0.2ms)[0m  [1m[34mSELECT "accounts".* FROM "accounts" WHERE "accounts"."id" = $1 ORDER BY "accounts"."id" ASC LIMIT $2[0m  [["id", 1], ["LIMIT", 1]]
  Rendering layout layouts/application.html.erb
  Rendering accounts/index.html.erb within layouts/application
  [1m[36mAccount Load (0.2ms)[0m  [1m[34mSELECT "accounts".* FROM "accounts"[0m
  ↳ app/views/accounts/index.html.erb:20
  Rendered accounts/index.html.erb within layouts/application (Duration: 2.6ms | Allocations: 1139)
  Rendered layout layouts/application.html.erb (Duration: 6.3ms | Allocations: 3555)
Completed 200 OK in 14ms (Views: 6.7ms | ActiveRecord: 0.4ms | Allocations: 8886)


Started GET "/accounts/1/edit" for ::1 at 2022-05-09 17:50:07 +0200
Processing by AccountsController#edit as HTML
  Parameters: {"id"=>"1"}
  [1m[36mAccount Load (0.3ms)[0m  [1m[34mSELECT "accounts".* FROM "accounts" WHERE "accounts"."id" = $1 LIMIT $2[0m  [["id", 1], ["LIMIT", 1]]
  ↳ app/controllers/accounts_controller.rb:93:in `set_account'
  Rendering layout layouts/application.html.erb
  Rendering accounts/edit.html.erb within layouts/application
  Rendered accounts/_form.html.erb (Duration: 1.6ms | Allocations: 1251)
  Rendered accounts/edit.html.erb within layouts/application (Duration: 2.0ms | Allocations: 1386)
  Rendered layout layouts/application.html.erb (Duration: 8.4ms | Allocations: 3781)
Completed 200 OK in 111ms (Views: 8.9ms | ActiveRecord: 0.3ms | Allocations: 4609)


Started PATCH "/accounts/1" for ::1 at 2022-05-09 17:50:10 +0200
Processing by AccountsController#update as TURBO_STREAM
  Parameters: {"authenticity_token"=>"[FILTERED]", "account"=>{"full_name"=>"ME", "role"=>"admin"}, "commit"=>"Update Account", "id"=>"1"}
  [1m[36mAccount Load (0.2ms)[0m  [1m[34mSELECT "accounts".* FROM "accounts" WHERE "accounts"."id" = $1 LIMIT $2[0m  [["id", 1], ["LIMIT", 1]]
  ↳ app/controllers/accounts_controller.rb:93:in `set_account'
  [1m[36mTRANSACTION (0.1ms)[0m  [1m[35mBEGIN[0m
  ↳ app/controllers/accounts_controller.rb:29:in `block in update'
  [1m[36mAccount Update (0.4ms)[0m  [1m[33mUPDATE "accounts" SET "updated_at" = $1, "role" = $2 WHERE "accounts"."id" = $3[0m  [["updated_at", "2022-05-09 15:50:10.444274"], ["role", "admin"], ["id", 1]]
  ↳ app/controllers/accounts_controller.rb:29:in `block in update'
  [1m[36mTRANSACTION (5.4ms)[0m  [1m[35mCOMMIT[0m
  ↳ app/controllers/accounts_controller.rb:29:in `block in update'
Redirected to http://localhost:3000/
Completed 302 Found in 13ms (ActiveRecord: 6.2ms | Allocations: 3307)


Started GET "/" for ::1 at 2022-05-09 17:50:10 +0200
Processing by AccountsController#index as TURBO_STREAM
  [1m[36mAccount Load (0.2ms)[0m  [1m[34mSELECT "accounts".* FROM "accounts" WHERE "accounts"."id" = $1 ORDER BY "accounts"."id" ASC LIMIT $2[0m  [["id", 1], ["LIMIT", 1]]
  Rendering layout layouts/application.html.erb
  Rendering accounts/index.html.erb within layouts/application
  [1m[36mAccount Load (0.3ms)[0m  [1m[34mSELECT "accounts".* FROM "accounts"[0m
  ↳ app/views/accounts/index.html.erb:20
  Rendered accounts/index.html.erb within layouts/application (Duration: 1.5ms | Allocations: 747)
  Rendered layout layouts/application.html.erb (Duration: 5.0ms | Allocations: 3163)
Completed 200 OK in 8ms (Views: 5.2ms | ActiveRecord: 0.5ms | Allocations: 5027)


  [1m[36mActiveRecord::SchemaMigration Pluck (0.5ms)[0m  [1m[34mSELECT "schema_migrations"."version" FROM "schema_migrations" ORDER BY "schema_migrations"."version" ASC[0m
  [1m[36mActiveRecord::SchemaMigration Pluck (0.1ms)[0m  [1m[34mSELECT "schema_migrations"."version" FROM "schema_migrations" ORDER BY "schema_migrations"."version" ASC[0m
  [1m[36mActiveRecord::SchemaMigration Pluck (0.1ms)[0m  [1m[34mSELECT "schema_migrations"."version" FROM "schema_migrations" ORDER BY "schema_migrations"."version" ASC[0m
  [1m[35m (0.1ms)[0m  [1m[34mSELECT pg_try_advisory_lock(439837519115335530)[0m
  [1m[36mActiveRecord::SchemaMigration Pluck (0.1ms)[0m  [1m[34mSELECT "schema_migrations"."version" FROM "schema_migrations" ORDER BY "schema_migrations"."version" ASC[0m
Migrating to AddRoleToAccount (20220509154557)
  [1m[36mTRANSACTION (0.1ms)[0m  [1m[35mBEGIN[0m
  [1m[35m (7.2ms)[0m  [1m[35mALTER TABLE "accounts" DROP COLUMN "role"[0m
  [1m[36mActiveRecord::SchemaMigration Delete All (4.9ms)[0m  [1m[31mDELETE FROM "schema_migrations" WHERE "schema_migrations"."version" = $1[0m  [["version", "20220509154557"]]
  [1m[36mTRANSACTION (0.4ms)[0m  [1m[35mCOMMIT[0m
  [1m[35m (0.2ms)[0m  [1m[34mSELECT pg_advisory_unlock(439837519115335530)[0m
  [1m[36mActiveRecord::SchemaMigration Pluck (0.4ms)[0m  [1m[34mSELECT "schema_migrations"."version" FROM "schema_migrations" ORDER BY "schema_migrations"."version" ASC[0m
  [1m[35m (0.1ms)[0m  [1m[34mSELECT pg_try_advisory_lock(439837519115335530)[0m
  [1m[36mActiveRecord::SchemaMigration Pluck (0.6ms)[0m  [1m[34mSELECT "schema_migrations"."version" FROM "schema_migrations" ORDER BY "schema_migrations"."version" ASC[0m
Migrating to AddRoleToAccount (20220509154557)
  [1m[36mTRANSACTION (0.1ms)[0m  [1m[35mBEGIN[0m
  [1m[35m (10.1ms)[0m  [1m[35m      CREATE TYPE account_roles AS ENUM ('admin', 'accounting_clerk', 'repairman', 'employee');
[0m
  [1m[35m (0.6ms)[0m  [1m[35mALTER TABLE "accounts" ADD "role" account_roles DEFAULT 'employee' NOT NULL[0m
  [1m[36mActiveRecord::SchemaMigration Create (0.3ms)[0m  [1m[32mINSERT INTO "schema_migrations" ("version") VALUES ($1) RETURNING "version"[0m  [["version", "20220509154557"]]
  [1m[36mTRANSACTION (0.6ms)[0m  [1m[35mCOMMIT[0m
Migrating to CreateDoorkeeperTables (20220509160251)
  [1m[36mTRANSACTION (0.2ms)[0m  [1m[35mBEGIN[0m
  [1m[35m (15.1ms)[0m  [1m[35mCREATE TABLE "oauth_applications" ("id" bigserial primary key, "name" character varying NOT NULL, "uid" character varying NOT NULL, "secret" character varying NOT NULL, "redirect_uri" text NOT NULL, "scopes" character varying DEFAULT '' NOT NULL, "confidential" boolean DEFAULT TRUE NOT NULL, "created_at" timestamp(6) NOT NULL, "updated_at" timestamp(6) NOT NULL)[0m
  [1m[35m (1.1ms)[0m  [1m[35mCREATE UNIQUE INDEX "index_oauth_applications_on_uid" ON "oauth_applications" ("uid")[0m
  [1m[35m (2.6ms)[0m  [1m[35mCREATE TABLE "oauth_access_grants" ("id" bigserial primary key, "resource_owner_id" bigint NOT NULL, "application_id" bigint NOT NULL, "token" character varying NOT NULL, "expires_in" integer NOT NULL, "redirect_uri" text NOT NULL, "created_at" timestamp(6) NOT NULL, "revoked_at" timestamp(6), "scopes" character varying DEFAULT '' NOT NULL)[0m
  [1m[35m (0.7ms)[0m  [1m[35mCREATE INDEX "index_oauth_access_grants_on_resource_owner_id" ON "oauth_access_grants" ("resource_owner_id")[0m
  [1m[35m (0.6ms)[0m  [1m[35mCREATE INDEX "index_oauth_access_grants_on_application_id" ON "oauth_access_grants" ("application_id")[0m
  [1m[35m (0.7ms)[0m  [1m[35mCREATE UNIQUE INDEX "index_oauth_access_grants_on_token" ON "oauth_access_grants" ("token")[0m
  [1m[35m (6.9ms)[0m  [1m[35mALTER TABLE "oauth_access_grants" ADD CONSTRAINT "fk_rails_b4b53e07b8"
FOREIGN KEY ("application_id")
  REFERENCES "oauth_applications" ("id")
[0m
  [1m[35m (2.9ms)[0m  [1m[35mCREATE TABLE "oauth_access_tokens" ("id" bigserial primary key, "resource_owner_id" bigint, "application_id" bigint NOT NULL, "token" character varying NOT NULL, "refresh_token" character varying, "expires_in" integer, "revoked_at" timestamp(6), "created_at" timestamp(6) NOT NULL, "scopes" character varying, "previous_refresh_token" character varying DEFAULT '' NOT NULL)[0m
  [1m[35m (0.8ms)[0m  [1m[35mCREATE INDEX "index_oauth_access_tokens_on_resource_owner_id" ON "oauth_access_tokens" ("resource_owner_id")[0m
  [1m[35m (0.8ms)[0m  [1m[35mCREATE INDEX "index_oauth_access_tokens_on_application_id" ON "oauth_access_tokens" ("application_id")[0m
  [1m[35m (1.0ms)[0m  [1m[35mCREATE UNIQUE INDEX "index_oauth_access_tokens_on_token" ON "oauth_access_tokens" ("token")[0m
  [1m[35m (0.7ms)[0m  [1m[35mCREATE UNIQUE INDEX "index_oauth_access_tokens_on_refresh_token" ON "oauth_access_tokens" ("refresh_token")[0m
  [1m[35m (0.8ms)[0m  [1m[35mALTER TABLE "oauth_access_tokens" ADD CONSTRAINT "fk_rails_732cb83ab7"
FOREIGN KEY ("application_id")
  REFERENCES "oauth_applications" ("id")
[0m
  [1m[36mActiveRecord::SchemaMigration Create (0.2ms)[0m  [1m[32mINSERT INTO "schema_migrations" ("version") VALUES ($1) RETURNING "version"[0m  [["version", "20220509160251"]]
  [1m[36mTRANSACTION (0.4ms)[0m  [1m[35mCOMMIT[0m
  [1m[36mActiveRecord::InternalMetadata Load (0.6ms)[0m  [1m[34mSELECT "ar_internal_metadata".* FROM "ar_internal_metadata" WHERE "ar_internal_metadata"."key" = $1 LIMIT $2[0m  [["key", "environment"], ["LIMIT", 1]]
  [1m[35m (0.5ms)[0m  [1m[34mSELECT pg_advisory_unlock(439837519115335530)[0m
  [1m[36mActiveRecord::SchemaMigration Pluck (0.5ms)[0m  [1m[34mSELECT "schema_migrations"."version" FROM "schema_migrations" ORDER BY "schema_migrations"."version" ASC[0m
  [1m[36mActiveRecord::SchemaMigration Pluck (0.4ms)[0m  [1m[34mSELECT "schema_migrations"."version" FROM "schema_migrations" ORDER BY "schema_migrations"."version" ASC[0m
  [1m[36mActiveRecord::SchemaMigration Pluck (0.1ms)[0m  [1m[34mSELECT "schema_migrations"."version" FROM "schema_migrations" ORDER BY "schema_migrations"."version" ASC[0m
  [1m[36mActiveRecord::SchemaMigration Pluck (0.1ms)[0m  [1m[34mSELECT "schema_migrations"."version" FROM "schema_migrations" ORDER BY "schema_migrations"."version" ASC[0m
  [1m[35m (0.1ms)[0m  [1m[34mSELECT pg_try_advisory_lock(439837519115335530)[0m
  [1m[36mActiveRecord::SchemaMigration Pluck (0.1ms)[0m  [1m[34mSELECT "schema_migrations"."version" FROM "schema_migrations" ORDER BY "schema_migrations"."version" ASC[0m
Migrating to CreateDoorkeeperTables (20220509160251)
  [1m[36mTRANSACTION (0.1ms)[0m  [1m[35mBEGIN[0m
  [1m[35m (2.2ms)[0m  [1m[35mALTER TABLE "oauth_access_tokens" DROP CONSTRAINT "fk_rails_732cb83ab7"[0m
  [1m[35m (1.3ms)[0m  [1m[35mDROP INDEX  "index_oauth_access_tokens_on_refresh_token"[0m
  [1m[35m (0.3ms)[0m  [1m[35mDROP INDEX  "index_oauth_access_tokens_on_token"[0m
  [1m[35m (1.4ms)[0m  [1m[35mDROP TABLE "oauth_access_tokens"[0m
  [1m[35m (1.3ms)[0m  [1m[35mALTER TABLE "oauth_access_grants" DROP CONSTRAINT "fk_rails_b4b53e07b8"[0m
  [1m[35m (0.2ms)[0m  [1m[35mDROP INDEX  "index_oauth_access_grants_on_token"[0m
  [1m[35m (1.8ms)[0m  [1m[35mDROP TABLE "oauth_access_grants"[0m
  [1m[35m (0.1ms)[0m  [1m[35mDROP INDEX  "index_oauth_applications_on_uid"[0m
  [1m[35m (0.7ms)[0m  [1m[35mDROP TABLE "oauth_applications"[0m
  [1m[36mActiveRecord::SchemaMigration Delete All (0.3ms)[0m  [1m[31mDELETE FROM "schema_migrations" WHERE "schema_migrations"."version" = $1[0m  [["version", "20220509160251"]]
  [1m[36mTRANSACTION (8.7ms)[0m  [1m[35mCOMMIT[0m
  [1m[35m (0.3ms)[0m  [1m[34mSELECT pg_advisory_unlock(439837519115335530)[0m
  [1m[36mActiveRecord::SchemaMigration Pluck (0.4ms)[0m  [1m[34mSELECT "schema_migrations"."version" FROM "schema_migrations" ORDER BY "schema_migrations"."version" ASC[0m
  [1m[35m (0.2ms)[0m  [1m[34mSELECT pg_try_advisory_lock(439837519115335530)[0m
  [1m[36mActiveRecord::SchemaMigration Pluck (0.4ms)[0m  [1m[34mSELECT "schema_migrations"."version" FROM "schema_migrations" ORDER BY "schema_migrations"."version" ASC[0m
Migrating to CreateDoorkeeperTables (20220509160251)
  [1m[36mTRANSACTION (0.1ms)[0m  [1m[35mBEGIN[0m
  [1m[35m (3.8ms)[0m  [1m[35mCREATE TABLE "oauth_applications" ("id" bigserial primary key, "name" character varying NOT NULL, "uid" character varying NOT NULL, "secret" character varying NOT NULL, "redirect_uri" text NOT NULL, "scopes" character varying DEFAULT '' NOT NULL, "confidential" boolean DEFAULT TRUE NOT NULL, "created_at" timestamp(6) NOT NULL, "updated_at" timestamp(6) NOT NULL)[0m
  [1m[35m (0.7ms)[0m  [1m[35mCREATE UNIQUE INDEX "index_oauth_applications_on_uid" ON "oauth_applications" ("uid")[0m
  [1m[35m (2.8ms)[0m  [1m[35mCREATE TABLE "oauth_access_grants" ("id" bigserial primary key, "resource_owner_id" bigint NOT NULL, "application_id" bigint NOT NULL, "token" character varying NOT NULL, "expires_in" integer NOT NULL, "redirect_uri" text NOT NULL, "created_at" timestamp(6) NOT NULL, "revoked_at" timestamp(6), "scopes" character varying DEFAULT '' NOT NULL)[0m
  [1m[35m (0.9ms)[0m  [1m[35mCREATE INDEX "index_oauth_access_grants_on_resource_owner_id" ON "oauth_access_grants" ("resource_owner_id")[0m
  [1m[35m (0.8ms)[0m  [1m[35mCREATE INDEX "index_oauth_access_grants_on_application_id" ON "oauth_access_grants" ("application_id")[0m
  [1m[35m (0.7ms)[0m  [1m[35mCREATE UNIQUE INDEX "index_oauth_access_grants_on_token" ON "oauth_access_grants" ("token")[0m
  [1m[35m (1.5ms)[0m  [1m[35mALTER TABLE "oauth_access_grants" ADD CONSTRAINT "fk_rails_b4b53e07b8"
FOREIGN KEY ("application_id")
  REFERENCES "oauth_applications" ("id")
[0m
  [1m[35m (2.9ms)[0m  [1m[35mCREATE TABLE "oauth_access_tokens" ("id" bigserial primary key, "resource_owner_id" bigint, "application_id" bigint NOT NULL, "token" character varying NOT NULL, "refresh_token" character varying, "expires_in" integer, "revoked_at" timestamp(6), "created_at" timestamp(6) NOT NULL, "scopes" character varying, "previous_refresh_token" character varying DEFAULT '' NOT NULL)[0m
  [1m[35m (0.7ms)[0m  [1m[35mCREATE INDEX "index_oauth_access_tokens_on_resource_owner_id" ON "oauth_access_tokens" ("resource_owner_id")[0m
  [1m[35m (0.8ms)[0m  [1m[35mCREATE INDEX "index_oauth_access_tokens_on_application_id" ON "oauth_access_tokens" ("application_id")[0m
  [1m[35m (1.1ms)[0m  [1m[35mCREATE UNIQUE INDEX "index_oauth_access_tokens_on_token" ON "oauth_access_tokens" ("token")[0m
  [1m[35m (0.7ms)[0m  [1m[35mCREATE UNIQUE INDEX "index_oauth_access_tokens_on_refresh_token" ON "oauth_access_tokens" ("refresh_token")[0m
  [1m[35m (0.8ms)[0m  [1m[35mALTER TABLE "oauth_access_tokens" ADD CONSTRAINT "fk_rails_732cb83ab7"
FOREIGN KEY ("application_id")
  REFERENCES "oauth_applications" ("id")
[0m
  [1m[36mActiveRecord::SchemaMigration Create (0.2ms)[0m  [1m[32mINSERT INTO "schema_migrations" ("version") VALUES ($1) RETURNING "version"[0m  [["version", "20220509160251"]]
  [1m[36mTRANSACTION (1.9ms)[0m  [1m[35mCOMMIT[0m
  [1m[36mActiveRecord::InternalMetadata Load (0.3ms)[0m  [1m[34mSELECT "ar_internal_metadata".* FROM "ar_internal_metadata" WHERE "ar_internal_metadata"."key" = $1 LIMIT $2[0m  [["key", "environment"], ["LIMIT", 1]]
  [1m[35m (0.2ms)[0m  [1m[34mSELECT pg_advisory_unlock(439837519115335530)[0m
  [1m[36mActiveRecord::SchemaMigration Pluck (0.5ms)[0m  [1m[34mSELECT "schema_migrations"."version" FROM "schema_migrations" ORDER BY "schema_migrations"."version" ASC[0m
